mode: atomic
github.com/twinfer/benthos-coap-plugin/debug_options.go:10.13,20.39 6 0
github.com/twinfer/benthos-coap-plugin/debug_options.go:20.39,23.3 2 0
github.com/twinfer/benthos-coap-plugin/debug_options.go:26.2,30.56 3 0
github.com/twinfer/benthos-coap-plugin/cmd/main_plugin_registration.go:25.13,28.2 2 0
github.com/twinfer/benthos-coap-plugin/pkg/metrics/collector.go:25.72,33.2 1 0
github.com/twinfer/benthos-coap-plugin/pkg/metrics/collector.go:36.48,41.6 4 0
github.com/twinfer/benthos-coap-plugin/pkg/metrics/collector.go:41.6,42.10 1 0
github.com/twinfer/benthos-coap-plugin/pkg/metrics/collector.go:43.19,44.15 1 0
github.com/twinfer/benthos-coap-plugin/pkg/metrics/collector.go:45.19,46.10 1 0
github.com/twinfer/benthos-coap-plugin/pkg/metrics/collector.go:47.21,48.10 1 0
github.com/twinfer/benthos-coap-plugin/pkg/metrics/collector.go:54.28,57.2 2 0
github.com/twinfer/benthos-coap-plugin/pkg/metrics/collector.go:60.54,65.27 4 0
github.com/twinfer/benthos-coap-plugin/pkg/metrics/collector.go:65.27,67.3 1 0
github.com/twinfer/benthos-coap-plugin/pkg/metrics/collector.go:68.2,68.15 1 0
github.com/twinfer/benthos-coap-plugin/pkg/metrics/collector.go:71.31,87.2 4 0
github.com/twinfer/benthos-coap-plugin/pkg/metrics/health.go:22.56,24.2 1 0
github.com/twinfer/benthos-coap-plugin/pkg/metrics/health.go:27.72,54.2 5 0
github.com/twinfer/benthos-coap-plugin/pkg/metrics/labels.go:14.52,19.2 1 0
github.com/twinfer/benthos-coap-plugin/pkg/metrics/labels.go:22.56,25.2 2 0
github.com/twinfer/benthos-coap-plugin/pkg/metrics/labels.go:28.48,31.2 2 0
github.com/twinfer/benthos-coap-plugin/pkg/metrics/labels.go:34.52,37.2 2 0
github.com/twinfer/benthos-coap-plugin/pkg/metrics/labels.go:40.44,43.23 2 0
github.com/twinfer/benthos-coap-plugin/pkg/metrics/labels.go:43.23,45.3 1 0
github.com/twinfer/benthos-coap-plugin/pkg/metrics/labels.go:46.2,46.22 1 0
github.com/twinfer/benthos-coap-plugin/pkg/metrics/labels.go:46.22,48.3 1 0
github.com/twinfer/benthos-coap-plugin/pkg/metrics/labels.go:49.2,49.22 1 0
github.com/twinfer/benthos-coap-plugin/pkg/metrics/labels.go:49.22,51.3 1 0
github.com/twinfer/benthos-coap-plugin/pkg/metrics/labels.go:52.2,52.18 1 0
github.com/twinfer/benthos-coap-plugin/pkg/metrics/labels.go:52.18,54.3 1 0
github.com/twinfer/benthos-coap-plugin/pkg/metrics/labels.go:55.2,55.20 1 0
github.com/twinfer/benthos-coap-plugin/pkg/metrics/labels.go:55.20,57.3 1 0
github.com/twinfer/benthos-coap-plugin/pkg/metrics/labels.go:59.2,59.15 1 0
github.com/twinfer/benthos-coap-plugin/pkg/metrics/metrics_package.go:55.56,95.2 1 0
github.com/twinfer/benthos-coap-plugin/pkg/metrics/metrics_package.go:102.51,104.2 1 0
github.com/twinfer/benthos-coap-plugin/pkg/metrics/metrics_package.go:106.50,108.2 1 0
github.com/twinfer/benthos-coap-plugin/pkg/metrics/metrics_package.go:110.42,112.2 1 0
github.com/twinfer/benthos-coap-plugin/pkg/metrics/metrics_package.go:114.41,116.2 1 0
github.com/twinfer/benthos-coap-plugin/pkg/metrics/metrics_package.go:118.51,120.2 1 0
github.com/twinfer/benthos-coap-plugin/pkg/metrics/metrics_package.go:127.41,129.2 1 0
github.com/twinfer/benthos-coap-plugin/pkg/metrics/metrics_package.go:131.42,133.2 1 0
github.com/twinfer/benthos-coap-plugin/pkg/metrics/metrics_package.go:135.45,137.2 1 0
github.com/twinfer/benthos-coap-plugin/pkg/metrics/metrics_package.go:139.36,141.2 1 0
github.com/twinfer/benthos-coap-plugin/pkg/metrics/metrics_package.go:143.62,145.2 1 0
github.com/twinfer/benthos-coap-plugin/pkg/metrics/metrics_package.go:152.43,154.2 1 0
github.com/twinfer/benthos-coap-plugin/pkg/metrics/metrics_package.go:156.43,158.2 1 0
github.com/twinfer/benthos-coap-plugin/pkg/metrics/metrics_package.go:160.45,162.2 1 0
github.com/twinfer/benthos-coap-plugin/pkg/metrics/metrics_package.go:164.39,166.2 1 0
github.com/twinfer/benthos-coap-plugin/pkg/metrics/metrics_package.go:168.63,170.2 1 0
github.com/twinfer/benthos-coap-plugin/pkg/metrics/metrics_package.go:177.47,179.2 1 0
github.com/twinfer/benthos-coap-plugin/pkg/metrics/metrics_package.go:181.48,183.2 1 0
github.com/twinfer/benthos-coap-plugin/pkg/metrics/metrics_package.go:185.38,187.2 1 0
github.com/twinfer/benthos-coap-plugin/pkg/metrics/metrics_package.go:189.39,191.2 1 0
github.com/twinfer/benthos-coap-plugin/pkg/metrics/metrics_package.go:193.48,195.2 1 0
github.com/twinfer/benthos-coap-plugin/pkg/metrics/metrics_package.go:202.59,204.2 1 0
github.com/twinfer/benthos-coap-plugin/pkg/metrics/metrics_package.go:206.43,208.2 1 0
github.com/twinfer/benthos-coap-plugin/pkg/metrics/metrics_package.go:210.53,212.2 1 0
github.com/twinfer/benthos-coap-plugin/pkg/metrics/metrics_package.go:219.43,221.2 1 0
github.com/twinfer/benthos-coap-plugin/pkg/metrics/metrics_package.go:223.36,225.2 1 0
github.com/twinfer/benthos-coap-plugin/pkg/metrics/metrics_package.go:227.37,229.2 1 0
github.com/twinfer/benthos-coap-plugin/pkg/metrics/metrics_package.go:236.53,238.2 1 0
github.com/twinfer/benthos-coap-plugin/pkg/metrics/metrics_package.go:240.79,242.2 1 0
github.com/twinfer/benthos-coap-plugin/pkg/metrics/metrics_package.go:244.55,246.2 1 0
github.com/twinfer/benthos-coap-plugin/pkg/metrics/registry.go:22.36,24.2 1 0
github.com/twinfer/benthos-coap-plugin/pkg/metrics/registry.go:27.66,31.43 3 0
github.com/twinfer/benthos-coap-plugin/pkg/metrics/registry.go:31.43,33.3 1 0
github.com/twinfer/benthos-coap-plugin/pkg/metrics/registry.go:35.2,36.12 2 0
github.com/twinfer/benthos-coap-plugin/pkg/metrics/registry.go:40.54,46.2 4 0
github.com/twinfer/benthos-coap-plugin/pkg/metrics/registry.go:49.44,54.2 3 0
github.com/twinfer/benthos-coap-plugin/pkg/metrics/registry.go:57.36,62.31 4 0
github.com/twinfer/benthos-coap-plugin/pkg/metrics/registry.go:62.31,64.3 1 0
github.com/twinfer/benthos-coap-plugin/pkg/metrics/registry.go:65.2,65.14 1 0
github.com/twinfer/benthos-coap-plugin/pkg/metrics/timer.go:15.37,20.2 1 0
github.com/twinfer/benthos-coap-plugin/pkg/metrics/timer.go:23.40,26.16 2 0
github.com/twinfer/benthos-coap-plugin/pkg/metrics/timer.go:27.26,28.59 1 0
github.com/twinfer/benthos-coap-plugin/pkg/metrics/timer.go:29.24,30.43 1 0
github.com/twinfer/benthos-coap-plugin/pkg/metrics/timer.go:31.23,32.42 1 0
github.com/twinfer/benthos-coap-plugin/pkg/metrics/timer.go:37.42,39.2 1 0
github.com/twinfer/benthos-coap-plugin/pkg/input/coap_input_plugin.go:16.13,128.131 2 0
github.com/twinfer/benthos-coap-plugin/pkg/input/coap_input_plugin.go:128.131,130.3 1 0
github.com/twinfer/benthos-coap-plugin/pkg/input/coap_input_plugin.go:131.2,131.16 1 0
github.com/twinfer/benthos-coap-plugin/pkg/input/coap_input_plugin.go:131.16,132.13 1 0
github.com/twinfer/benthos-coap-plugin/pkg/input/coap_input_plugin.go:159.87,162.16 2 0
github.com/twinfer/benthos-coap-plugin/pkg/input/coap_input_plugin.go:162.16,164.3 1 0
github.com/twinfer/benthos-coap-plugin/pkg/input/coap_input_plugin.go:166.2,167.16 2 0
github.com/twinfer/benthos-coap-plugin/pkg/input/coap_input_plugin.go:167.16,169.3 1 0
github.com/twinfer/benthos-coap-plugin/pkg/input/coap_input_plugin.go:171.2,172.16 2 0
github.com/twinfer/benthos-coap-plugin/pkg/input/coap_input_plugin.go:172.16,174.3 1 0
github.com/twinfer/benthos-coap-plugin/pkg/input/coap_input_plugin.go:177.2,178.16 2 0
github.com/twinfer/benthos-coap-plugin/pkg/input/coap_input_plugin.go:178.16,180.3 1 0
github.com/twinfer/benthos-coap-plugin/pkg/input/coap_input_plugin.go:183.2,184.16 2 0
github.com/twinfer/benthos-coap-plugin/pkg/input/coap_input_plugin.go:184.16,186.3 1 0
github.com/twinfer/benthos-coap-plugin/pkg/input/coap_input_plugin.go:189.2,190.16 2 0
github.com/twinfer/benthos-coap-plugin/pkg/input/coap_input_plugin.go:190.16,192.3 1 0
github.com/twinfer/benthos-coap-plugin/pkg/input/coap_input_plugin.go:195.2,196.16 2 0
github.com/twinfer/benthos-coap-plugin/pkg/input/coap_input_plugin.go:196.16,198.3 1 0
github.com/twinfer/benthos-coap-plugin/pkg/input/coap_input_plugin.go:201.2,202.16 2 0
github.com/twinfer/benthos-coap-plugin/pkg/input/coap_input_plugin.go:202.16,204.3 1 0
github.com/twinfer/benthos-coap-plugin/pkg/input/coap_input_plugin.go:206.2,209.16 3 0
github.com/twinfer/benthos-coap-plugin/pkg/input/coap_input_plugin.go:209.16,211.3 1 0
github.com/twinfer/benthos-coap-plugin/pkg/input/coap_input_plugin.go:213.2,229.19 2 0
github.com/twinfer/benthos-coap-plugin/pkg/input/coap_input_plugin.go:232.89,234.16 2 0
github.com/twinfer/benthos-coap-plugin/pkg/input/coap_input_plugin.go:234.16,236.3 1 0
github.com/twinfer/benthos-coap-plugin/pkg/input/coap_input_plugin.go:237.2,241.27 2 0
github.com/twinfer/benthos-coap-plugin/pkg/input/coap_input_plugin.go:241.27,242.83 1 0
github.com/twinfer/benthos-coap-plugin/pkg/input/coap_input_plugin.go:242.83,244.4 1 0
github.com/twinfer/benthos-coap-plugin/pkg/input/coap_input_plugin.go:245.3,245.73 1 0
github.com/twinfer/benthos-coap-plugin/pkg/input/coap_input_plugin.go:245.73,247.4 1 0
github.com/twinfer/benthos-coap-plugin/pkg/input/coap_input_plugin.go:248.8,248.42 1 0
github.com/twinfer/benthos-coap-plugin/pkg/input/coap_input_plugin.go:248.42,249.77 1 0
github.com/twinfer/benthos-coap-plugin/pkg/input/coap_input_plugin.go:249.77,251.4 1 0
github.com/twinfer/benthos-coap-plugin/pkg/input/coap_input_plugin.go:252.3,252.75 1 0
github.com/twinfer/benthos-coap-plugin/pkg/input/coap_input_plugin.go:252.75,254.4 1 0
github.com/twinfer/benthos-coap-plugin/pkg/input/coap_input_plugin.go:255.3,255.82 1 0
github.com/twinfer/benthos-coap-plugin/pkg/input/coap_input_plugin.go:255.82,257.4 1 0
github.com/twinfer/benthos-coap-plugin/pkg/input/coap_input_plugin.go:258.3,259.17 2 0
github.com/twinfer/benthos-coap-plugin/pkg/input/coap_input_plugin.go:259.17,261.4 1 0
github.com/twinfer/benthos-coap-plugin/pkg/input/coap_input_plugin.go:263.2,263.22 1 0
github.com/twinfer/benthos-coap-plugin/pkg/input/coap_input_plugin.go:266.159,268.16 2 0
github.com/twinfer/benthos-coap-plugin/pkg/input/coap_input_plugin.go:268.16,270.3 1 0
github.com/twinfer/benthos-coap-plugin/pkg/input/coap_input_plugin.go:271.2,272.16 2 0
github.com/twinfer/benthos-coap-plugin/pkg/input/coap_input_plugin.go:272.16,274.3 1 0
github.com/twinfer/benthos-coap-plugin/pkg/input/coap_input_plugin.go:275.2,276.16 2 0
github.com/twinfer/benthos-coap-plugin/pkg/input/coap_input_plugin.go:276.16,278.3 1 0
github.com/twinfer/benthos-coap-plugin/pkg/input/coap_input_plugin.go:279.2,280.16 2 0
github.com/twinfer/benthos-coap-plugin/pkg/input/coap_input_plugin.go:280.16,282.3 1 0
github.com/twinfer/benthos-coap-plugin/pkg/input/coap_input_plugin.go:284.2,292.8 1 0
github.com/twinfer/benthos-coap-plugin/pkg/input/coap_input_plugin.go:295.102,297.16 2 0
github.com/twinfer/benthos-coap-plugin/pkg/input/coap_input_plugin.go:297.16,299.3 1 0
github.com/twinfer/benthos-coap-plugin/pkg/input/coap_input_plugin.go:300.2,301.16 2 0
github.com/twinfer/benthos-coap-plugin/pkg/input/coap_input_plugin.go:301.16,303.3 1 0
github.com/twinfer/benthos-coap-plugin/pkg/input/coap_input_plugin.go:304.2,305.16 2 0
github.com/twinfer/benthos-coap-plugin/pkg/input/coap_input_plugin.go:305.16,307.3 1 0
github.com/twinfer/benthos-coap-plugin/pkg/input/coap_input_plugin.go:310.2,311.16 2 0
github.com/twinfer/benthos-coap-plugin/pkg/input/coap_input_plugin.go:311.16,313.3 1 0
github.com/twinfer/benthos-coap-plugin/pkg/input/coap_input_plugin.go:314.2,315.16 2 0
github.com/twinfer/benthos-coap-plugin/pkg/input/coap_input_plugin.go:315.16,317.3 1 0
github.com/twinfer/benthos-coap-plugin/pkg/input/coap_input_plugin.go:318.2,319.16 2 0
github.com/twinfer/benthos-coap-plugin/pkg/input/coap_input_plugin.go:319.16,321.3 1 0
github.com/twinfer/benthos-coap-plugin/pkg/input/coap_input_plugin.go:322.2,323.16 2 0
github.com/twinfer/benthos-coap-plugin/pkg/input/coap_input_plugin.go:323.16,325.3 1 0
github.com/twinfer/benthos-coap-plugin/pkg/input/coap_input_plugin.go:326.2,327.16 2 0
github.com/twinfer/benthos-coap-plugin/pkg/input/coap_input_plugin.go:327.16,329.3 1 0
github.com/twinfer/benthos-coap-plugin/pkg/input/coap_input_plugin.go:330.2,340.16 3 0
github.com/twinfer/benthos-coap-plugin/pkg/input/coap_input_plugin.go:340.16,342.3 1 0
github.com/twinfer/benthos-coap-plugin/pkg/input/coap_input_plugin.go:343.2,344.16 2 0
github.com/twinfer/benthos-coap-plugin/pkg/input/coap_input_plugin.go:344.16,346.3 1 0
github.com/twinfer/benthos-coap-plugin/pkg/input/coap_input_plugin.go:347.2,348.16 2 0
github.com/twinfer/benthos-coap-plugin/pkg/input/coap_input_plugin.go:348.16,350.3 1 0
github.com/twinfer/benthos-coap-plugin/pkg/input/coap_input_plugin.go:351.2,352.16 2 0
github.com/twinfer/benthos-coap-plugin/pkg/input/coap_input_plugin.go:352.16,354.3 1 0
github.com/twinfer/benthos-coap-plugin/pkg/input/coap_input_plugin.go:355.2,356.16 2 0
github.com/twinfer/benthos-coap-plugin/pkg/input/coap_input_plugin.go:356.16,358.3 1 0
github.com/twinfer/benthos-coap-plugin/pkg/input/coap_input_plugin.go:359.2,374.8 2 0
github.com/twinfer/benthos-coap-plugin/pkg/input/coap_input_plugin.go:377.81,379.16 2 0
github.com/twinfer/benthos-coap-plugin/pkg/input/coap_input_plugin.go:379.16,381.3 1 0
github.com/twinfer/benthos-coap-plugin/pkg/input/coap_input_plugin.go:382.2,383.16 2 0
github.com/twinfer/benthos-coap-plugin/pkg/input/coap_input_plugin.go:383.16,385.3 1 0
github.com/twinfer/benthos-coap-plugin/pkg/input/coap_input_plugin.go:386.2,387.16 2 0
github.com/twinfer/benthos-coap-plugin/pkg/input/coap_input_plugin.go:387.16,389.3 1 0
github.com/twinfer/benthos-coap-plugin/pkg/input/coap_input_plugin.go:390.2,391.16 2 0
github.com/twinfer/benthos-coap-plugin/pkg/input/coap_input_plugin.go:391.16,393.3 1 0
github.com/twinfer/benthos-coap-plugin/pkg/input/coap_input_plugin.go:394.2,399.8 1 0
github.com/twinfer/benthos-coap-plugin/pkg/input/coap_input_plugin.go:402.52,404.14 2 0
github.com/twinfer/benthos-coap-plugin/pkg/input/coap_input_plugin.go:404.14,407.3 2 0
github.com/twinfer/benthos-coap-plugin/pkg/input/coap_input_plugin.go:408.2,414.45 4 0
github.com/twinfer/benthos-coap-plugin/pkg/input/coap_input_plugin.go:414.45,417.3 2 0
github.com/twinfer/benthos-coap-plugin/pkg/input/coap_input_plugin.go:420.2,424.12 4 0
github.com/twinfer/benthos-coap-plugin/pkg/input/coap_input_plugin.go:427.35,429.15 2 0
github.com/twinfer/benthos-coap-plugin/pkg/input/coap_input_plugin.go:429.15,430.31 1 0
github.com/twinfer/benthos-coap-plugin/pkg/input/coap_input_plugin.go:430.31,433.4 1 0
github.com/twinfer/benthos-coap-plugin/pkg/input/coap_input_plugin.go:436.2,436.6 1 0
github.com/twinfer/benthos-coap-plugin/pkg/input/coap_input_plugin.go:436.6,437.10 1 0
github.com/twinfer/benthos-coap-plugin/pkg/input/coap_input_plugin.go:438.48,439.11 1 0
github.com/twinfer/benthos-coap-plugin/pkg/input/coap_input_plugin.go:439.11,442.5 2 0
github.com/twinfer/benthos-coap-plugin/pkg/input/coap_input_plugin.go:449.4,449.11 1 0
github.com/twinfer/benthos-coap-plugin/pkg/input/coap_input_plugin.go:450.26,451.35 1 0
github.com/twinfer/benthos-coap-plugin/pkg/input/coap_input_plugin.go:452.12,456.38 3 0
github.com/twinfer/benthos-coap-plugin/pkg/input/coap_input_plugin.go:459.22,461.10 2 0
github.com/twinfer/benthos-coap-plugin/pkg/input/coap_input_plugin.go:466.86,471.12 4 0
github.com/twinfer/benthos-coap-plugin/pkg/input/coap_input_plugin.go:471.12,473.3 1 0
github.com/twinfer/benthos-coap-plugin/pkg/input/coap_input_plugin.go:475.2,475.9 1 0
github.com/twinfer/benthos-coap-plugin/pkg/input/coap_input_plugin.go:476.26,477.58 1 0
github.com/twinfer/benthos-coap-plugin/pkg/input/coap_input_plugin.go:477.58,478.18 1 0
github.com/twinfer/benthos-coap-plugin/pkg/input/coap_input_plugin.go:478.18,481.49 2 0
github.com/twinfer/benthos-coap-plugin/pkg/input/coap_input_plugin.go:481.49,483.6 1 0
github.com/twinfer/benthos-coap-plugin/pkg/input/coap_input_plugin.go:483.11,485.6 1 0
github.com/twinfer/benthos-coap-plugin/pkg/input/coap_input_plugin.go:486.5,487.34 2 0
github.com/twinfer/benthos-coap-plugin/pkg/input/coap_input_plugin.go:489.4,489.14 1 0
github.com/twinfer/benthos-coap-plugin/pkg/input/coap_input_plugin.go:492.20,493.29 1 0
github.com/twinfer/benthos-coap-plugin/pkg/input/coap_input_plugin.go:495.21,496.41 1 0
github.com/twinfer/benthos-coap-plugin/pkg/input/coap_input_plugin.go:500.50,501.24 1 0
github.com/twinfer/benthos-coap-plugin/pkg/input/coap_input_plugin.go:501.24,512.46 7 0
github.com/twinfer/benthos-coap-plugin/pkg/input/coap_input_plugin.go:512.46,514.4 1 0
github.com/twinfer/benthos-coap-plugin/pkg/input/coap_input_plugin.go:517.3,518.27 2 0
github.com/twinfer/benthos-coap-plugin/pkg/input/coap_input_plugin.go:518.27,519.48 1 0
github.com/twinfer/benthos-coap-plugin/pkg/input/coap_input_plugin.go:519.48,521.5 1 0
github.com/twinfer/benthos-coap-plugin/pkg/input/coap_input_plugin.go:526.3,543.37 6 0
github.com/twinfer/benthos-coap-plugin/pkg/input/coap_input_plugin.go:546.2,546.12 1 0
github.com/twinfer/benthos-coap-plugin/pkg/input/coap_input_plugin.go:550.49,554.14 3 0
github.com/twinfer/benthos-coap-plugin/pkg/input/coap_input_plugin.go:554.14,558.3 1 0
github.com/twinfer/benthos-coap-plugin/pkg/input/coap_input_plugin.go:560.2,567.25 2 0
github.com/twinfer/benthos-coap-plugin/pkg/input/coap_input_plugin.go:567.25,569.3 1 0
github.com/twinfer/benthos-coap-plugin/pkg/input/coap_input_plugin.go:571.2,571.15 1 0
github.com/twinfer/benthos-coap-plugin/pkg/input/coap_input_plugin.go:574.24,575.11 1 0
github.com/twinfer/benthos-coap-plugin/pkg/input/coap_input_plugin.go:575.11,577.3 1 0
github.com/twinfer/benthos-coap-plugin/pkg/input/coap_input_plugin.go:578.2,578.10 1 0
github.com/twinfer/benthos-coap-plugin/pkg/utils/retry.go:19.75,20.20 1 0
github.com/twinfer/benthos-coap-plugin/pkg/utils/retry.go:20.20,22.3 1 0
github.com/twinfer/benthos-coap-plugin/pkg/utils/retry.go:24.2,26.34 2 0
github.com/twinfer/benthos-coap-plugin/pkg/utils/retry.go:26.34,28.42 2 0
github.com/twinfer/benthos-coap-plugin/pkg/utils/retry.go:28.42,30.9 2 0
github.com/twinfer/benthos-coap-plugin/pkg/utils/retry.go:34.2,34.19 1 0
github.com/twinfer/benthos-coap-plugin/pkg/utils/retry.go:34.19,51.3 5 0
github.com/twinfer/benthos-coap-plugin/pkg/utils/retry.go:55.2,55.41 1 0
github.com/twinfer/benthos-coap-plugin/pkg/utils/retry.go:55.41,57.3 1 0
github.com/twinfer/benthos-coap-plugin/pkg/utils/retry.go:58.2,58.15 1 0
github.com/twinfer/benthos-coap-plugin/pkg/utils/retry.go:58.15,60.47 2 0
github.com/twinfer/benthos-coap-plugin/pkg/utils/retry.go:60.47,62.4 1 0
github.com/twinfer/benthos-coap-plugin/pkg/utils/retry.go:62.9,62.24 1 0
github.com/twinfer/benthos-coap-plugin/pkg/utils/retry.go:62.24,64.4 1 0
github.com/twinfer/benthos-coap-plugin/pkg/utils/retry.go:67.2,67.29 1 0
github.com/twinfer/benthos-coap-plugin/pkg/config/config_package.go:79.39,80.46 1 0
github.com/twinfer/benthos-coap-plugin/pkg/config/config_package.go:80.46,82.3 1 0
github.com/twinfer/benthos-coap-plugin/pkg/config/config_package.go:84.2,84.45 1 0
github.com/twinfer/benthos-coap-plugin/pkg/config/config_package.go:84.45,86.3 1 0
github.com/twinfer/benthos-coap-plugin/pkg/config/config_package.go:88.2,88.45 1 0
github.com/twinfer/benthos-coap-plugin/pkg/config/config_package.go:88.45,90.3 1 0
github.com/twinfer/benthos-coap-plugin/pkg/config/config_package.go:92.2,92.49 1 0
github.com/twinfer/benthos-coap-plugin/pkg/config/config_package.go:92.49,94.3 1 0
github.com/twinfer/benthos-coap-plugin/pkg/config/config_package.go:96.2,96.51 1 0
github.com/twinfer/benthos-coap-plugin/pkg/config/config_package.go:96.51,98.3 1 0
github.com/twinfer/benthos-coap-plugin/pkg/config/config_package.go:100.2,100.48 1 0
github.com/twinfer/benthos-coap-plugin/pkg/config/config_package.go:100.48,102.3 1 0
github.com/twinfer/benthos-coap-plugin/pkg/config/config_package.go:104.2,104.51 1 0
github.com/twinfer/benthos-coap-plugin/pkg/config/config_package.go:104.51,106.3 1 0
github.com/twinfer/benthos-coap-plugin/pkg/config/config_package.go:108.2,108.46 1 0
github.com/twinfer/benthos-coap-plugin/pkg/config/config_package.go:108.46,110.3 1 0
github.com/twinfer/benthos-coap-plugin/pkg/config/config_package.go:112.2,112.12 1 0
github.com/twinfer/benthos-coap-plugin/pkg/config/config_package.go:115.48,116.27 1 0
github.com/twinfer/benthos-coap-plugin/pkg/config/config_package.go:116.27,118.3 1 0
github.com/twinfer/benthos-coap-plugin/pkg/config/config_package.go:120.2,120.39 1 0
github.com/twinfer/benthos-coap-plugin/pkg/config/config_package.go:120.39,121.64 1 0
github.com/twinfer/benthos-coap-plugin/pkg/config/config_package.go:121.64,123.4 1 0
github.com/twinfer/benthos-coap-plugin/pkg/config/config_package.go:126.2,126.12 1 0
github.com/twinfer/benthos-coap-plugin/pkg/config/config_package.go:129.47,131.2 1 0
github.com/twinfer/benthos-coap-plugin/pkg/config/config_package.go:133.47,135.2 1 0
github.com/twinfer/benthos-coap-plugin/pkg/config/config_package.go:137.51,138.30 1 0
github.com/twinfer/benthos-coap-plugin/pkg/config/config_package.go:138.30,140.3 1 0
github.com/twinfer/benthos-coap-plugin/pkg/config/config_package.go:142.2,142.38 1 0
github.com/twinfer/benthos-coap-plugin/pkg/config/config_package.go:142.38,143.52 1 0
github.com/twinfer/benthos-coap-plugin/pkg/config/config_package.go:143.52,145.4 1 0
github.com/twinfer/benthos-coap-plugin/pkg/config/config_package.go:148.2,148.12 1 0
github.com/twinfer/benthos-coap-plugin/pkg/config/config_package.go:151.53,152.35 1 0
github.com/twinfer/benthos-coap-plugin/pkg/config/config_package.go:152.35,154.3 1 0
github.com/twinfer/benthos-coap-plugin/pkg/config/config_package.go:156.2,156.36 1 0
github.com/twinfer/benthos-coap-plugin/pkg/config/config_package.go:156.36,158.3 1 0
github.com/twinfer/benthos-coap-plugin/pkg/config/config_package.go:160.2,160.38 1 0
github.com/twinfer/benthos-coap-plugin/pkg/config/config_package.go:160.38,162.3 1 0
github.com/twinfer/benthos-coap-plugin/pkg/config/config_package.go:164.2,164.42 1 0
github.com/twinfer/benthos-coap-plugin/pkg/config/config_package.go:164.42,166.3 1 0
github.com/twinfer/benthos-coap-plugin/pkg/config/config_package.go:168.2,168.12 1 0
github.com/twinfer/benthos-coap-plugin/pkg/config/config_package.go:171.50,172.34 1 0
github.com/twinfer/benthos-coap-plugin/pkg/config/config_package.go:172.34,174.3 1 0
github.com/twinfer/benthos-coap-plugin/pkg/config/config_package.go:176.2,176.35 1 0
github.com/twinfer/benthos-coap-plugin/pkg/config/config_package.go:176.35,178.3 1 0
github.com/twinfer/benthos-coap-plugin/pkg/config/config_package.go:180.2,180.40 1 0
github.com/twinfer/benthos-coap-plugin/pkg/config/config_package.go:180.40,182.3 1 0
github.com/twinfer/benthos-coap-plugin/pkg/config/config_package.go:184.2,184.63 1 0
github.com/twinfer/benthos-coap-plugin/pkg/config/config_package.go:184.63,186.3 1 0
github.com/twinfer/benthos-coap-plugin/pkg/config/config_package.go:188.2,188.37 1 0
github.com/twinfer/benthos-coap-plugin/pkg/config/config_package.go:188.37,190.3 1 0
github.com/twinfer/benthos-coap-plugin/pkg/config/config_package.go:192.2,192.12 1 0
github.com/twinfer/benthos-coap-plugin/pkg/config/config_package.go:195.53,196.31 1 0
github.com/twinfer/benthos-coap-plugin/pkg/config/config_package.go:196.31,198.3 1 0
github.com/twinfer/benthos-coap-plugin/pkg/config/config_package.go:200.2,200.44 1 0
github.com/twinfer/benthos-coap-plugin/pkg/config/config_package.go:200.44,202.3 1 0
github.com/twinfer/benthos-coap-plugin/pkg/config/config_package.go:204.2,204.44 1 0
github.com/twinfer/benthos-coap-plugin/pkg/config/config_package.go:204.44,206.3 1 0
github.com/twinfer/benthos-coap-plugin/pkg/config/config_package.go:208.2,208.35 1 0
github.com/twinfer/benthos-coap-plugin/pkg/config/config_package.go:208.35,210.3 1 0
github.com/twinfer/benthos-coap-plugin/pkg/config/config_package.go:212.2,212.44 1 0
github.com/twinfer/benthos-coap-plugin/pkg/config/config_package.go:212.44,214.3 1 0
github.com/twinfer/benthos-coap-plugin/pkg/config/config_package.go:216.2,216.12 1 0
github.com/twinfer/benthos-coap-plugin/pkg/config/config_package.go:219.48,220.37 1 0
github.com/twinfer/benthos-coap-plugin/pkg/config/config_package.go:220.37,222.3 1 0
github.com/twinfer/benthos-coap-plugin/pkg/config/config_package.go:224.2,224.47 1 0
github.com/twinfer/benthos-coap-plugin/pkg/config/config_package.go:224.47,226.3 1 0
github.com/twinfer/benthos-coap-plugin/pkg/config/config_package.go:228.2,228.44 1 0
github.com/twinfer/benthos-coap-plugin/pkg/config/config_package.go:228.44,235.39 3 0
github.com/twinfer/benthos-coap-plugin/pkg/config/config_package.go:235.39,236.50 1 0
github.com/twinfer/benthos-coap-plugin/pkg/config/config_package.go:236.50,238.10 2 0
github.com/twinfer/benthos-coap-plugin/pkg/config/config_package.go:242.3,242.13 1 0
github.com/twinfer/benthos-coap-plugin/pkg/config/config_package.go:242.13,245.4 1 0
github.com/twinfer/benthos-coap-plugin/pkg/config/config_package.go:248.2,248.12 1 0
github.com/twinfer/benthos-coap-plugin/pkg/config/config_package.go:252.38,253.22 1 0
github.com/twinfer/benthos-coap-plugin/pkg/config/config_package.go:253.22,255.3 1 0
github.com/twinfer/benthos-coap-plugin/pkg/config/config_package.go:257.2,257.27 1 0
github.com/twinfer/benthos-coap-plugin/pkg/config/config_package.go:257.27,259.3 1 0
github.com/twinfer/benthos-coap-plugin/pkg/config/config_package.go:262.2,262.35 1 0
github.com/twinfer/benthos-coap-plugin/pkg/config/config_package.go:262.35,264.3 1 0
github.com/twinfer/benthos-coap-plugin/pkg/config/config_package.go:265.2,265.39 1 0
github.com/twinfer/benthos-coap-plugin/pkg/config/config_package.go:265.39,267.3 1 0
github.com/twinfer/benthos-coap-plugin/pkg/config/config_package.go:268.2,268.47 1 0
github.com/twinfer/benthos-coap-plugin/pkg/config/config_package.go:268.47,270.3 1 0
github.com/twinfer/benthos-coap-plugin/pkg/config/config_package.go:271.2,271.42 1 0
github.com/twinfer/benthos-coap-plugin/pkg/config/config_package.go:271.42,273.3 1 0
github.com/twinfer/benthos-coap-plugin/pkg/config/config_package.go:276.2,276.32 1 0
github.com/twinfer/benthos-coap-plugin/pkg/config/config_package.go:276.32,278.3 1 0
github.com/twinfer/benthos-coap-plugin/pkg/config/config_package.go:279.2,279.36 1 0
github.com/twinfer/benthos-coap-plugin/pkg/config/config_package.go:279.36,281.3 1 0
github.com/twinfer/benthos-coap-plugin/pkg/config/config_package.go:282.2,282.38 1 0
github.com/twinfer/benthos-coap-plugin/pkg/config/config_package.go:282.38,284.3 1 0
github.com/twinfer/benthos-coap-plugin/pkg/config/config_package.go:287.2,287.35 1 0
github.com/twinfer/benthos-coap-plugin/pkg/config/config_package.go:287.35,289.3 1 0
github.com/twinfer/benthos-coap-plugin/pkg/config/config_package.go:290.2,290.80 1 0
github.com/twinfer/benthos-coap-plugin/pkg/config/config_package.go:290.80,293.3 2 0
github.com/twinfer/benthos-coap-plugin/pkg/config/config_package.go:296.2,296.35 1 0
github.com/twinfer/benthos-coap-plugin/pkg/config/config_package.go:296.35,298.3 1 0
github.com/twinfer/benthos-coap-plugin/pkg/config/config_package.go:299.2,299.40 1 0
github.com/twinfer/benthos-coap-plugin/pkg/config/config_package.go:299.40,301.3 1 0
github.com/twinfer/benthos-coap-plugin/pkg/config/config_package.go:302.2,302.36 1 0
github.com/twinfer/benthos-coap-plugin/pkg/config/config_package.go:302.36,304.3 1 0
github.com/twinfer/benthos-coap-plugin/pkg/config/config_package.go:305.2,305.35 1 0
github.com/twinfer/benthos-coap-plugin/pkg/config/config_package.go:305.35,307.3 1 0
github.com/twinfer/benthos-coap-plugin/pkg/config/config_package.go:310.2,310.44 1 0
github.com/twinfer/benthos-coap-plugin/pkg/config/config_package.go:310.44,312.3 1 0
github.com/twinfer/benthos-coap-plugin/pkg/config/config_package.go:313.2,313.44 1 0
github.com/twinfer/benthos-coap-plugin/pkg/config/config_package.go:313.44,315.3 1 0
github.com/twinfer/benthos-coap-plugin/pkg/config/config_package.go:316.2,316.35 1 0
github.com/twinfer/benthos-coap-plugin/pkg/config/config_package.go:316.35,318.3 1 0
github.com/twinfer/benthos-coap-plugin/pkg/config/config_package.go:319.2,319.44 1 0
github.com/twinfer/benthos-coap-plugin/pkg/config/config_package.go:319.44,321.3 1 0
github.com/twinfer/benthos-coap-plugin/pkg/config/config_package.go:324.2,324.44 1 0
github.com/twinfer/benthos-coap-plugin/pkg/config/config_package.go:324.44,326.3 1 0
github.com/twinfer/benthos-coap-plugin/pkg/config/config_package.go:327.2,327.37 1 0
github.com/twinfer/benthos-coap-plugin/pkg/config/config_package.go:327.37,329.3 1 0
github.com/twinfer/benthos-coap-plugin/pkg/config/config_package.go:333.42,344.2 6 0
github.com/twinfer/benthos-coap-plugin/pkg/config/defaults.go:7.39,47.2 2 0
github.com/twinfer/benthos-coap-plugin/pkg/config/defaults.go:50.40,72.2 5 0
github.com/twinfer/benthos-coap-plugin/pkg/config/defaults.go:75.41,85.2 7 0
github.com/twinfer/benthos-coap-plugin/pkg/config/defaults.go:88.37,97.2 6 0
github.com/twinfer/benthos-coap-plugin/pkg/config/defaults.go:100.33,110.2 4 0
github.com/twinfer/benthos-coap-plugin/pkg/config/validation.go:35.46,36.31 1 0
github.com/twinfer/benthos-coap-plugin/pkg/config/validation.go:36.31,39.3 1 0
github.com/twinfer/benthos-coap-plugin/pkg/config/validation.go:40.2,40.12 1 0
github.com/twinfer/benthos-coap-plugin/pkg/config/validation.go:44.56,46.16 2 0
github.com/twinfer/benthos-coap-plugin/pkg/config/validation.go:46.16,48.3 1 0
github.com/twinfer/benthos-coap-plugin/pkg/config/validation.go:51.2,52.40 2 0
github.com/twinfer/benthos-coap-plugin/pkg/config/validation.go:52.40,55.3 1 0
github.com/twinfer/benthos-coap-plugin/pkg/config/validation.go:58.2,58.26 1 0
github.com/twinfer/benthos-coap-plugin/pkg/config/validation.go:58.26,60.3 1 0
github.com/twinfer/benthos-coap-plugin/pkg/config/validation.go:63.2,63.28 1 0
github.com/twinfer/benthos-coap-plugin/pkg/config/validation.go:63.28,64.30 1 0
github.com/twinfer/benthos-coap-plugin/pkg/config/validation.go:64.30,66.4 1 0
github.com/twinfer/benthos-coap-plugin/pkg/config/validation.go:69.2,69.12 1 0
github.com/twinfer/benthos-coap-plugin/pkg/config/validation.go:73.77,75.23 2 0
github.com/twinfer/benthos-coap-plugin/pkg/config/validation.go:75.23,77.3 1 0
github.com/twinfer/benthos-coap-plugin/pkg/config/validation.go:80.2,81.34 2 0
github.com/twinfer/benthos-coap-plugin/pkg/config/validation.go:81.34,82.28 1 0
github.com/twinfer/benthos-coap-plugin/pkg/config/validation.go:82.28,84.9 2 0
github.com/twinfer/benthos-coap-plugin/pkg/config/validation.go:88.2,88.16 1 0
github.com/twinfer/benthos-coap-plugin/pkg/config/validation.go:88.16,91.3 1 0
github.com/twinfer/benthos-coap-plugin/pkg/config/validation.go:94.2,94.23 1 0
github.com/twinfer/benthos-coap-plugin/pkg/config/validation.go:95.13,96.33 1 0
github.com/twinfer/benthos-coap-plugin/pkg/config/validation.go:96.33,98.4 1 0
github.com/twinfer/benthos-coap-plugin/pkg/config/validation.go:99.3,99.28 1 0
github.com/twinfer/benthos-coap-plugin/pkg/config/validation.go:99.28,101.4 1 0
github.com/twinfer/benthos-coap-plugin/pkg/config/validation.go:102.3,102.31 1 0
github.com/twinfer/benthos-coap-plugin/pkg/config/validation.go:102.31,104.4 1 0
github.com/twinfer/benthos-coap-plugin/pkg/config/validation.go:106.21,107.30 1 0
github.com/twinfer/benthos-coap-plugin/pkg/config/validation.go:107.30,109.4 1 0
github.com/twinfer/benthos-coap-plugin/pkg/config/validation.go:110.3,110.29 1 0
github.com/twinfer/benthos-coap-plugin/pkg/config/validation.go:110.29,112.4 1 0
github.com/twinfer/benthos-coap-plugin/pkg/config/validation.go:115.3,115.63 1 0
github.com/twinfer/benthos-coap-plugin/pkg/config/validation.go:115.63,117.4 1 0
github.com/twinfer/benthos-coap-plugin/pkg/config/validation.go:118.3,118.62 1 0
github.com/twinfer/benthos-coap-plugin/pkg/config/validation.go:118.62,120.4 1 0
github.com/twinfer/benthos-coap-plugin/pkg/config/validation.go:123.3,123.32 1 0
github.com/twinfer/benthos-coap-plugin/pkg/config/validation.go:123.32,124.66 1 0
github.com/twinfer/benthos-coap-plugin/pkg/config/validation.go:124.66,126.5 1 0
github.com/twinfer/benthos-coap-plugin/pkg/config/validation.go:130.2,130.12 1 0
github.com/twinfer/benthos-coap-plugin/pkg/config/validation.go:134.46,135.16 1 0
github.com/twinfer/benthos-coap-plugin/pkg/config/validation.go:135.16,137.3 1 0
github.com/twinfer/benthos-coap-plugin/pkg/config/validation.go:139.2,139.35 1 0
github.com/twinfer/benthos-coap-plugin/pkg/config/validation.go:139.35,141.3 1 0
github.com/twinfer/benthos-coap-plugin/pkg/config/validation.go:143.2,143.21 1 0
github.com/twinfer/benthos-coap-plugin/pkg/config/validation.go:143.21,145.3 1 0
github.com/twinfer/benthos-coap-plugin/pkg/config/validation.go:148.2,148.36 1 0
github.com/twinfer/benthos-coap-plugin/pkg/config/validation.go:148.36,150.3 1 0
github.com/twinfer/benthos-coap-plugin/pkg/config/validation.go:153.2,154.35 2 0
github.com/twinfer/benthos-coap-plugin/pkg/config/validation.go:154.35,155.20 1 0
github.com/twinfer/benthos-coap-plugin/pkg/config/validation.go:155.20,156.12 1 0
github.com/twinfer/benthos-coap-plugin/pkg/config/validation.go:159.3,159.24 1 0
github.com/twinfer/benthos-coap-plugin/pkg/config/validation.go:159.24,161.4 1 0
github.com/twinfer/benthos-coap-plugin/pkg/config/validation.go:164.2,164.12 1 0
github.com/twinfer/benthos-coap-plugin/pkg/config/validation.go:169.48,170.18 1 0
github.com/twinfer/benthos-coap-plugin/pkg/config/validation.go:171.13,172.16 1 0
github.com/twinfer/benthos-coap-plugin/pkg/config/validation.go:173.13,174.16 1 0
github.com/twinfer/benthos-coap-plugin/pkg/config/validation.go:175.18,176.17 1 0
github.com/twinfer/benthos-coap-plugin/pkg/config/validation.go:177.17,178.17 1 0
github.com/twinfer/benthos-coap-plugin/pkg/config/validation.go:179.10,180.16 1 0
github.com/twinfer/benthos-coap-plugin/pkg/config/validation.go:184.42,186.19 2 0
github.com/twinfer/benthos-coap-plugin/pkg/config/validation.go:186.19,188.3 1 0
github.com/twinfer/benthos-coap-plugin/pkg/config/validation.go:189.2,189.13 1 0
github.com/twinfer/benthos-coap-plugin/pkg/config/validation.go:192.48,193.20 1 10
github.com/twinfer/benthos-coap-plugin/pkg/config/validation.go:193.20,195.3 1 1
github.com/twinfer/benthos-coap-plugin/pkg/config/validation.go:198.2,199.39 2 9
github.com/twinfer/benthos-coap-plugin/pkg/config/validation.go:199.39,201.17 2 1
github.com/twinfer/benthos-coap-plugin/pkg/config/validation.go:201.17,203.4 1 0
github.com/twinfer/benthos-coap-plugin/pkg/config/validation.go:204.3,204.47 1 1
github.com/twinfer/benthos-coap-plugin/pkg/config/validation.go:208.2,209.16 2 9
github.com/twinfer/benthos-coap-plugin/pkg/config/validation.go:209.16,210.25 1 2
github.com/twinfer/benthos-coap-plugin/pkg/config/validation.go:210.25,212.4 1 2
github.com/twinfer/benthos-coap-plugin/pkg/config/validation.go:213.3,213.64 1 0
github.com/twinfer/benthos-coap-plugin/pkg/config/validation.go:216.2,216.18 1 7
github.com/twinfer/benthos-coap-plugin/pkg/config/validation.go:216.18,218.3 1 1
github.com/twinfer/benthos-coap-plugin/pkg/config/validation.go:221.2,222.16 2 6
github.com/twinfer/benthos-coap-plugin/pkg/config/validation.go:222.16,224.3 1 1
github.com/twinfer/benthos-coap-plugin/pkg/config/validation.go:225.2,230.40 4 5
github.com/twinfer/benthos-coap-plugin/pkg/config/validation.go:230.40,232.3 1 0
github.com/twinfer/benthos-coap-plugin/pkg/config/validation.go:234.2,234.12 1 5
github.com/twinfer/benthos-coap-plugin/pkg/connection/coap_connection_manager.go:49.102,64.16 3 2
github.com/twinfer/benthos-coap-plugin/pkg/connection/coap_connection_manager.go:64.16,66.3 1 0
github.com/twinfer/benthos-coap-plugin/pkg/connection/coap_connection_manager.go:68.2,68.44 1 2
github.com/twinfer/benthos-coap-plugin/pkg/connection/coap_connection_manager.go:68.44,70.17 2 4
github.com/twinfer/benthos-coap-plugin/pkg/connection/coap_connection_manager.go:70.17,72.4 1 0
github.com/twinfer/benthos-coap-plugin/pkg/connection/coap_connection_manager.go:73.3,73.27 1 4
github.com/twinfer/benthos-coap-plugin/pkg/connection/coap_connection_manager.go:76.2,76.15 1 2
github.com/twinfer/benthos-coap-plugin/pkg/connection/coap_connection_manager.go:79.62,81.2 1 2
github.com/twinfer/benthos-coap-plugin/pkg/connection/coap_connection_manager.go:83.72,88.31 3 0
github.com/twinfer/benthos-coap-plugin/pkg/connection/coap_connection_manager.go:88.31,90.17 2 0
github.com/twinfer/benthos-coap-plugin/pkg/connection/coap_connection_manager.go:90.17,92.4 1 0
github.com/twinfer/benthos-coap-plugin/pkg/connection/coap_connection_manager.go:93.3,93.100 1 0
github.com/twinfer/benthos-coap-plugin/pkg/connection/coap_connection_manager.go:96.2,96.60 1 0
github.com/twinfer/benthos-coap-plugin/pkg/connection/coap_connection_manager.go:99.48,104.12 4 0
github.com/twinfer/benthos-coap-plugin/pkg/connection/coap_connection_manager.go:104.12,106.3 1 0
github.com/twinfer/benthos-coap-plugin/pkg/connection/coap_connection_manager.go:106.8,108.26 2 0
github.com/twinfer/benthos-coap-plugin/pkg/connection/coap_connection_manager.go:108.26,110.4 1 0
github.com/twinfer/benthos-coap-plugin/pkg/connection/coap_connection_manager.go:114.35,118.2 3 0
github.com/twinfer/benthos-coap-plugin/pkg/connection/coap_connection_manager.go:120.33,125.38 4 2
github.com/twinfer/benthos-coap-plugin/pkg/connection/coap_connection_manager.go:125.38,126.38 1 4
github.com/twinfer/benthos-coap-plugin/pkg/connection/coap_connection_manager.go:126.38,129.4 2 0
github.com/twinfer/benthos-coap-plugin/pkg/connection/coap_connection_manager.go:131.2,131.16 1 2
github.com/twinfer/benthos-coap-plugin/pkg/connection/connection_factory.go:31.40,33.2 1 5
github.com/twinfer/benthos-coap-plugin/pkg/connection/connection_factory.go:35.92,37.2 1 4
github.com/twinfer/benthos-coap-plugin/pkg/connection/connection_factory.go:39.55,41.9 2 3
github.com/twinfer/benthos-coap-plugin/pkg/connection/connection_factory.go:41.9,43.3 1 2
github.com/twinfer/benthos-coap-plugin/pkg/connection/connection_factory.go:45.2,49.26 3 1
github.com/twinfer/benthos-coap-plugin/pkg/connection/connection_factory.go:52.52,53.44 1 5
github.com/twinfer/benthos-coap-plugin/pkg/connection/connection_factory.go:53.44,55.3 1 4
github.com/twinfer/benthos-coap-plugin/pkg/connection/connection_factory.go:56.2,56.62 1 1
github.com/twinfer/benthos-coap-plugin/pkg/connection/connection_factory.go:62.40,64.2 1 5
github.com/twinfer/benthos-coap-plugin/pkg/connection/connection_factory.go:66.92,69.2 1 0
github.com/twinfer/benthos-coap-plugin/pkg/connection/connection_factory.go:71.55,73.9 2 3
github.com/twinfer/benthos-coap-plugin/pkg/connection/connection_factory.go:73.9,75.3 1 3
github.com/twinfer/benthos-coap-plugin/pkg/connection/connection_factory.go:77.2,81.9 3 0
github.com/twinfer/benthos-coap-plugin/pkg/connection/connection_factory.go:82.20,83.19 1 0
github.com/twinfer/benthos-coap-plugin/pkg/connection/connection_factory.go:84.34,85.41 1 0
github.com/twinfer/benthos-coap-plugin/pkg/connection/connection_factory.go:86.10,87.13 1 0
github.com/twinfer/benthos-coap-plugin/pkg/connection/connection_factory.go:91.52,92.51 1 1
github.com/twinfer/benthos-coap-plugin/pkg/connection/connection_factory.go:92.51,94.3 1 0
github.com/twinfer/benthos-coap-plugin/pkg/connection/connection_factory.go:95.2,95.62 1 1
github.com/twinfer/benthos-coap-plugin/pkg/connection/connection_factory.go:101.41,103.2 1 5
github.com/twinfer/benthos-coap-plugin/pkg/connection/connection_factory.go:105.93,107.16 2 3
github.com/twinfer/benthos-coap-plugin/pkg/connection/connection_factory.go:107.16,109.3 1 3
github.com/twinfer/benthos-coap-plugin/pkg/connection/connection_factory.go:111.2,111.40 1 0
github.com/twinfer/benthos-coap-plugin/pkg/connection/connection_factory.go:114.87,117.23 2 9
github.com/twinfer/benthos-coap-plugin/pkg/connection/connection_factory.go:118.13,119.58 1 6
github.com/twinfer/benthos-coap-plugin/pkg/connection/connection_factory.go:119.58,121.4 1 3
github.com/twinfer/benthos-coap-plugin/pkg/connection/connection_factory.go:123.3,123.50 1 3
github.com/twinfer/benthos-coap-plugin/pkg/connection/connection_factory.go:123.50,125.4 1 0
github.com/twinfer/benthos-coap-plugin/pkg/connection/connection_factory.go:126.3,131.4 2 3
github.com/twinfer/benthos-coap-plugin/pkg/connection/connection_factory.go:133.21,134.56 1 1
github.com/twinfer/benthos-coap-plugin/pkg/connection/connection_factory.go:134.56,136.4 1 1
github.com/twinfer/benthos-coap-plugin/pkg/connection/connection_factory.go:138.3,139.17 2 0
github.com/twinfer/benthos-coap-plugin/pkg/connection/connection_factory.go:139.17,141.4 1 0
github.com/twinfer/benthos-coap-plugin/pkg/connection/connection_factory.go:142.3,145.32 2 0
github.com/twinfer/benthos-coap-plugin/pkg/connection/connection_factory.go:145.32,147.18 2 0
github.com/twinfer/benthos-coap-plugin/pkg/connection/connection_factory.go:147.18,149.5 1 0
github.com/twinfer/benthos-coap-plugin/pkg/connection/connection_factory.go:151.4,152.49 2 0
github.com/twinfer/benthos-coap-plugin/pkg/connection/connection_factory.go:152.49,154.5 1 0
github.com/twinfer/benthos-coap-plugin/pkg/connection/connection_factory.go:155.4,155.31 1 0
github.com/twinfer/benthos-coap-plugin/pkg/connection/connection_factory.go:158.3,158.52 1 0
github.com/twinfer/benthos-coap-plugin/pkg/connection/connection_factory.go:160.10,161.82 1 2
github.com/twinfer/benthos-coap-plugin/pkg/connection/connection_factory.go:164.2,164.20 1 3
github.com/twinfer/benthos-coap-plugin/pkg/connection/connection_factory.go:167.56,169.9 2 2
github.com/twinfer/benthos-coap-plugin/pkg/connection/connection_factory.go:169.9,171.3 1 2
github.com/twinfer/benthos-coap-plugin/pkg/connection/connection_factory.go:173.2,177.9 3 0
github.com/twinfer/benthos-coap-plugin/pkg/connection/connection_factory.go:178.20,179.19 1 0
github.com/twinfer/benthos-coap-plugin/pkg/connection/connection_factory.go:180.34,181.41 1 0
github.com/twinfer/benthos-coap-plugin/pkg/connection/connection_factory.go:182.10,183.13 1 0
github.com/twinfer/benthos-coap-plugin/pkg/connection/connection_factory.go:187.53,188.44 1 1
github.com/twinfer/benthos-coap-plugin/pkg/connection/connection_factory.go:188.44,190.3 1 0
github.com/twinfer/benthos-coap-plugin/pkg/connection/connection_factory.go:191.2,191.63 1 1
github.com/twinfer/benthos-coap-plugin/pkg/connection/connection_factory.go:197.43,199.2 1 5
github.com/twinfer/benthos-coap-plugin/pkg/connection/connection_factory.go:201.95,203.16 2 2
github.com/twinfer/benthos-coap-plugin/pkg/connection/connection_factory.go:203.16,205.3 1 2
github.com/twinfer/benthos-coap-plugin/pkg/connection/connection_factory.go:207.2,207.52 1 0
github.com/twinfer/benthos-coap-plugin/pkg/connection/connection_factory.go:210.87,215.23 2 9
github.com/twinfer/benthos-coap-plugin/pkg/connection/connection_factory.go:216.21,217.56 1 5
github.com/twinfer/benthos-coap-plugin/pkg/connection/connection_factory.go:217.56,219.4 1 3
github.com/twinfer/benthos-coap-plugin/pkg/connection/connection_factory.go:221.3,222.17 2 2
github.com/twinfer/benthos-coap-plugin/pkg/connection/connection_factory.go:222.17,224.4 1 2
github.com/twinfer/benthos-coap-plugin/pkg/connection/connection_factory.go:225.3,228.32 2 0
github.com/twinfer/benthos-coap-plugin/pkg/connection/connection_factory.go:228.32,230.18 2 0
github.com/twinfer/benthos-coap-plugin/pkg/connection/connection_factory.go:230.18,232.5 1 0
github.com/twinfer/benthos-coap-plugin/pkg/connection/connection_factory.go:234.4,235.49 2 0
github.com/twinfer/benthos-coap-plugin/pkg/connection/connection_factory.go:235.49,237.5 1 0
github.com/twinfer/benthos-coap-plugin/pkg/connection/connection_factory.go:238.4,238.31 1 0
github.com/twinfer/benthos-coap-plugin/pkg/connection/connection_factory.go:241.14,241.14 0 3
github.com/twinfer/benthos-coap-plugin/pkg/connection/connection_factory.go:244.10,245.115 1 1
github.com/twinfer/benthos-coap-plugin/pkg/connection/connection_factory.go:248.2,248.20 1 3
github.com/twinfer/benthos-coap-plugin/pkg/connection/connection_factory.go:251.58,253.9 2 1
github.com/twinfer/benthos-coap-plugin/pkg/connection/connection_factory.go:253.9,255.3 1 1
github.com/twinfer/benthos-coap-plugin/pkg/connection/connection_factory.go:257.2,261.9 3 0
github.com/twinfer/benthos-coap-plugin/pkg/connection/connection_factory.go:262.20,263.19 1 0
github.com/twinfer/benthos-coap-plugin/pkg/connection/connection_factory.go:264.34,265.41 1 0
github.com/twinfer/benthos-coap-plugin/pkg/connection/connection_factory.go:266.10,267.13 1 0
github.com/twinfer/benthos-coap-plugin/pkg/connection/connection_factory.go:271.55,272.51 1 1
github.com/twinfer/benthos-coap-plugin/pkg/connection/connection_factory.go:272.51,274.3 1 0
github.com/twinfer/benthos-coap-plugin/pkg/connection/connection_factory.go:275.2,275.66 1 1
github.com/twinfer/benthos-coap-plugin/pkg/connection/connection_factory.go:279.64,280.18 1 16
github.com/twinfer/benthos-coap-plugin/pkg/connection/connection_factory.go:281.13,282.28 1 5
github.com/twinfer/benthos-coap-plugin/pkg/connection/connection_factory.go:283.13,284.28 1 3
github.com/twinfer/benthos-coap-plugin/pkg/connection/connection_factory.go:285.18,286.29 1 3
github.com/twinfer/benthos-coap-plugin/pkg/connection/connection_factory.go:287.17,288.31 1 3
github.com/twinfer/benthos-coap-plugin/pkg/connection/connection_factory.go:289.10,290.63 1 2
github.com/twinfer/benthos-coap-plugin/pkg/connection/connection_pool.go:47.150,71.36 4 6
github.com/twinfer/benthos-coap-plugin/pkg/connection/connection_pool.go:71.36,74.3 2 6
github.com/twinfer/benthos-coap-plugin/pkg/connection/connection_pool.go:76.2,76.18 1 6
github.com/twinfer/benthos-coap-plugin/pkg/connection/connection_pool.go:79.79,81.9 1 2
github.com/twinfer/benthos-coap-plugin/pkg/connection/connection_pool.go:82.31,83.43 1 1
github.com/twinfer/benthos-coap-plugin/pkg/connection/connection_pool.go:83.43,87.4 3 1
github.com/twinfer/benthos-coap-plugin/pkg/connection/connection_pool.go:89.3,89.26 1 0
github.com/twinfer/benthos-coap-plugin/pkg/connection/connection_pool.go:90.20,91.24 1 0
github.com/twinfer/benthos-coap-plugin/pkg/connection/connection_pool.go:92.10,92.10 0 1
github.com/twinfer/benthos-coap-plugin/pkg/connection/connection_pool.go:97.2,97.58 1 1
github.com/twinfer/benthos-coap-plugin/pkg/connection/connection_pool.go:97.58,99.3 1 0
github.com/twinfer/benthos-coap-plugin/pkg/connection/connection_pool.go:101.2,102.16 2 1
github.com/twinfer/benthos-coap-plugin/pkg/connection/connection_pool.go:102.16,104.3 1 0
github.com/twinfer/benthos-coap-plugin/pkg/connection/connection_pool.go:106.2,108.18 3 1
github.com/twinfer/benthos-coap-plugin/pkg/connection/connection_pool.go:111.55,112.17 1 2
github.com/twinfer/benthos-coap-plugin/pkg/connection/connection_pool.go:112.17,114.3 1 0
github.com/twinfer/benthos-coap-plugin/pkg/connection/connection_pool.go:116.2,118.42 2 2
github.com/twinfer/benthos-coap-plugin/pkg/connection/connection_pool.go:118.42,119.10 1 2
github.com/twinfer/benthos-coap-plugin/pkg/connection/connection_pool.go:120.30,120.30 0 2
github.com/twinfer/benthos-coap-plugin/pkg/connection/connection_pool.go:122.11,124.27 1 0
github.com/twinfer/benthos-coap-plugin/pkg/connection/connection_pool.go:126.8,129.3 1 0
github.com/twinfer/benthos-coap-plugin/pkg/connection/connection_pool.go:132.73,134.16 2 1
github.com/twinfer/benthos-coap-plugin/pkg/connection/connection_pool.go:134.16,136.3 1 0
github.com/twinfer/benthos-coap-plugin/pkg/connection/connection_pool.go:138.2,150.21 5 1
github.com/twinfer/benthos-coap-plugin/pkg/connection/connection_pool.go:153.67,154.17 1 1
github.com/twinfer/benthos-coap-plugin/pkg/connection/connection_pool.go:154.17,156.3 1 0
github.com/twinfer/benthos-coap-plugin/pkg/connection/connection_pool.go:158.2,162.122 4 1
github.com/twinfer/benthos-coap-plugin/pkg/connection/connection_pool.go:165.42,168.6 2 6
github.com/twinfer/benthos-coap-plugin/pkg/connection/connection_pool.go:168.6,169.10 1 6
github.com/twinfer/benthos-coap-plugin/pkg/connection/connection_pool.go:170.27,171.26 1 0
github.com/twinfer/benthos-coap-plugin/pkg/connection/connection_pool.go:172.23,173.10 1 6
github.com/twinfer/benthos-coap-plugin/pkg/connection/connection_pool.go:178.47,186.52 5 0
github.com/twinfer/benthos-coap-plugin/pkg/connection/connection_pool.go:186.52,187.10 1 0
github.com/twinfer/benthos-coap-plugin/pkg/connection/connection_pool.go:188.32,191.42 2 0
github.com/twinfer/benthos-coap-plugin/pkg/connection/connection_pool.go:191.42,192.57 1 0
github.com/twinfer/benthos-coap-plugin/pkg/connection/connection_pool.go:192.57,201.6 5 0
github.com/twinfer/benthos-coap-plugin/pkg/connection/connection_pool.go:201.11,203.13 1 0
github.com/twinfer/benthos-coap-plugin/pkg/connection/connection_pool.go:204.33,204.33 0 0
github.com/twinfer/benthos-coap-plugin/pkg/connection/connection_pool.go:205.14,207.30 1 0
github.com/twinfer/benthos-coap-plugin/pkg/connection/connection_pool.go:210.10,212.12 1 0
github.com/twinfer/benthos-coap-plugin/pkg/connection/connection_pool.go:213.32,213.32 0 0
github.com/twinfer/benthos-coap-plugin/pkg/connection/connection_pool.go:214.13,215.29 1 0
github.com/twinfer/benthos-coap-plugin/pkg/connection/connection_pool.go:218.11,219.9 1 0
github.com/twinfer/benthos-coap-plugin/pkg/connection/connection_pool.go:223.2,223.21 1 0
github.com/twinfer/benthos-coap-plugin/pkg/connection/connection_pool.go:223.21,228.3 1 0
github.com/twinfer/benthos-coap-plugin/pkg/connection/connection_pool.go:231.40,234.27 2 6
github.com/twinfer/benthos-coap-plugin/pkg/connection/connection_pool.go:234.27,236.3 1 6
github.com/twinfer/benthos-coap-plugin/pkg/connection/connection_pool.go:239.2,240.34 2 6
github.com/twinfer/benthos-coap-plugin/pkg/connection/connection_pool.go:240.34,242.3 1 1
github.com/twinfer/benthos-coap-plugin/pkg/connection/connection_pool.go:244.2,245.12 2 6
github.com/twinfer/benthos-coap-plugin/pkg/connection/connection_pool.go:248.57,260.2 3 0
github.com/twinfer/benthos-coap-plugin/pkg/connection/connection_pool.go:263.46,267.2 3 2
github.com/twinfer/benthos-coap-plugin/pkg/connection/connection_pool.go:269.50,273.2 3 0
github.com/twinfer/benthos-coap-plugin/pkg/connection/connection_pool.go:275.49,277.2 1 0
github.com/twinfer/benthos-coap-plugin/pkg/connection/connection_pool.go:279.46,281.2 1 0
github.com/twinfer/benthos-coap-plugin/pkg/connection/connection_pool.go:283.44,285.2 1 0
github.com/twinfer/benthos-coap-plugin/pkg/connection/connection_pool.go:287.47,289.2 1 0
github.com/twinfer/benthos-coap-plugin/pkg/connection/connection_pool.go:291.54,293.2 1 0
github.com/twinfer/benthos-coap-plugin/pkg/connection/connection_pool.go:295.47,299.2 1 0
github.com/twinfer/benthos-coap-plugin/pkg/connection/interfaces.go:17.72,19.2 1 0
github.com/twinfer/benthos-coap-plugin/pkg/connection/interfaces.go:21.59,22.61 1 0
github.com/twinfer/benthos-coap-plugin/pkg/connection/interfaces.go:22.61,24.3 1 0
github.com/twinfer/benthos-coap-plugin/pkg/connection/interfaces.go:27.58,28.60 1 0
github.com/twinfer/benthos-coap-plugin/pkg/connection/interfaces.go:28.60,30.3 1 0
github.com/twinfer/benthos-coap-plugin/pkg/connection/interfaces.go:33.69,34.60 1 0
github.com/twinfer/benthos-coap-plugin/pkg/connection/interfaces.go:34.60,36.3 1 0
github.com/twinfer/benthos-coap-plugin/pkg/connection/interfaces.go:39.65,40.60 1 0
github.com/twinfer/benthos-coap-plugin/pkg/connection/interfaces.go:40.60,42.3 1 0
github.com/twinfer/benthos-coap-plugin/pkg/connection/interfaces.go:43.2,43.73 1 0
github.com/twinfer/benthos-coap-plugin/pkg/connection/interfaces.go:43.73,45.3 1 0
github.com/twinfer/benthos-coap-plugin/pkg/connection/interfaces.go:57.56,59.2 1 0
github.com/twinfer/benthos-coap-plugin/pkg/connection/interfaces.go:61.55,63.2 1 0
github.com/twinfer/benthos-coap-plugin/pkg/connection/interfaces.go:65.66,67.2 1 0
github.com/twinfer/benthos-coap-plugin/pkg/connection/interfaces.go:69.62,71.14 2 0
github.com/twinfer/benthos-coap-plugin/pkg/connection/interfaces.go:71.14,73.3 1 0
github.com/twinfer/benthos-coap-plugin/pkg/converter/coap_message_converter.go:43.69,44.32 1 11
github.com/twinfer/benthos-coap-plugin/pkg/converter/coap_message_converter.go:44.32,46.3 1 11
github.com/twinfer/benthos-coap-plugin/pkg/converter/coap_message_converter.go:48.2,51.3 1 11
github.com/twinfer/benthos-coap-plugin/pkg/converter/coap_message_converter.go:54.87,55.20 1 1
github.com/twinfer/benthos-coap-plugin/pkg/converter/coap_message_converter.go:55.20,57.3 1 0
github.com/twinfer/benthos-coap-plugin/pkg/converter/coap_message_converter.go:60.2,61.16 2 1
github.com/twinfer/benthos-coap-plugin/pkg/converter/coap_message_converter.go:61.16,63.3 1 0
github.com/twinfer/benthos-coap-plugin/pkg/converter/coap_message_converter.go:66.2,72.61 3 1
github.com/twinfer/benthos-coap-plugin/pkg/converter/coap_message_converter.go:72.61,74.3 1 0
github.com/twinfer/benthos-coap-plugin/pkg/converter/coap_message_converter.go:76.2,76.17 1 1
github.com/twinfer/benthos-coap-plugin/pkg/converter/coap_message_converter.go:79.83,80.16 1 19
github.com/twinfer/benthos-coap-plugin/pkg/converter/coap_message_converter.go:80.16,82.3 1 0
github.com/twinfer/benthos-coap-plugin/pkg/converter/coap_message_converter.go:85.2,95.16 5 19
github.com/twinfer/benthos-coap-plugin/pkg/converter/coap_message_converter.go:95.16,97.3 1 0
github.com/twinfer/benthos-coap-plugin/pkg/converter/coap_message_converter.go:100.2,101.16 2 19
github.com/twinfer/benthos-coap-plugin/pkg/converter/coap_message_converter.go:101.16,103.3 1 0
github.com/twinfer/benthos-coap-plugin/pkg/converter/coap_message_converter.go:105.2,105.56 1 19
github.com/twinfer/benthos-coap-plugin/pkg/converter/coap_message_converter.go:105.56,107.17 2 0
github.com/twinfer/benthos-coap-plugin/pkg/converter/coap_message_converter.go:107.17,109.4 1 0
github.com/twinfer/benthos-coap-plugin/pkg/converter/coap_message_converter.go:109.9,109.44 1 0
github.com/twinfer/benthos-coap-plugin/pkg/converter/coap_message_converter.go:109.44,113.4 1 0
github.com/twinfer/benthos-coap-plugin/pkg/converter/coap_message_converter.go:116.2,116.44 1 19
github.com/twinfer/benthos-coap-plugin/pkg/converter/coap_message_converter.go:116.44,118.3 1 0
github.com/twinfer/benthos-coap-plugin/pkg/converter/coap_message_converter.go:120.2,126.17 5 19
github.com/twinfer/benthos-coap-plugin/pkg/converter/coap_message_converter.go:126.17,128.3 1 0
github.com/twinfer/benthos-coap-plugin/pkg/converter/coap_message_converter.go:131.2,134.59 2 19
github.com/twinfer/benthos-coap-plugin/pkg/converter/coap_message_converter.go:134.59,136.3 1 1
github.com/twinfer/benthos-coap-plugin/pkg/converter/coap_message_converter.go:138.2,138.21 1 19
github.com/twinfer/benthos-coap-plugin/pkg/converter/coap_message_converter.go:141.78,149.2 2 3
github.com/twinfer/benthos-coap-plugin/pkg/converter/coap_message_converter.go:151.85,159.77 5 1
github.com/twinfer/benthos-coap-plugin/pkg/converter/coap_message_converter.go:159.77,162.3 2 0
github.com/twinfer/benthos-coap-plugin/pkg/converter/coap_message_converter.go:165.2,166.108 2 1
github.com/twinfer/benthos-coap-plugin/pkg/converter/coap_message_converter.go:166.108,168.3 1 0
github.com/twinfer/benthos-coap-plugin/pkg/converter/coap_message_converter.go:170.2,171.112 2 1
github.com/twinfer/benthos-coap-plugin/pkg/converter/coap_message_converter.go:171.112,173.3 1 0
github.com/twinfer/benthos-coap-plugin/pkg/converter/coap_message_converter.go:176.2,176.76 1 1
github.com/twinfer/benthos-coap-plugin/pkg/converter/coap_message_converter.go:176.76,178.3 1 0
github.com/twinfer/benthos-coap-plugin/pkg/converter/coap_message_converter.go:181.2,181.74 1 1
github.com/twinfer/benthos-coap-plugin/pkg/converter/coap_message_converter.go:181.74,183.3 1 0
github.com/twinfer/benthos-coap-plugin/pkg/converter/coap_message_converter.go:186.2,186.69 1 1
github.com/twinfer/benthos-coap-plugin/pkg/converter/coap_message_converter.go:186.69,188.3 1 0
github.com/twinfer/benthos-coap-plugin/pkg/converter/coap_message_converter.go:191.2,192.126 2 1
github.com/twinfer/benthos-coap-plugin/pkg/converter/coap_message_converter.go:192.126,194.3 1 0
github.com/twinfer/benthos-coap-plugin/pkg/converter/coap_message_converter.go:197.2,197.30 1 1
github.com/twinfer/benthos-coap-plugin/pkg/converter/coap_message_converter.go:197.30,199.3 1 1
github.com/twinfer/benthos-coap-plugin/pkg/converter/coap_message_converter.go:202.96,204.16 2 1
github.com/twinfer/benthos-coap-plugin/pkg/converter/coap_message_converter.go:204.16,206.3 1 1
github.com/twinfer/benthos-coap-plugin/pkg/converter/coap_message_converter.go:208.2,208.23 1 0
github.com/twinfer/benthos-coap-plugin/pkg/converter/coap_message_converter.go:209.15,210.35 1 0
github.com/twinfer/benthos-coap-plugin/pkg/converter/coap_message_converter.go:211.15,212.35 1 0
github.com/twinfer/benthos-coap-plugin/pkg/converter/coap_message_converter.go:213.14,214.34 1 0
github.com/twinfer/benthos-coap-plugin/pkg/converter/coap_message_converter.go:215.10,217.13 1 0
github.com/twinfer/benthos-coap-plugin/pkg/converter/coap_message_converter.go:221.68,223.16 2 0
github.com/twinfer/benthos-coap-plugin/pkg/converter/coap_message_converter.go:223.16,225.3 1 0
github.com/twinfer/benthos-coap-plugin/pkg/converter/coap_message_converter.go:228.2,229.59 2 0
github.com/twinfer/benthos-coap-plugin/pkg/converter/coap_message_converter.go:229.59,231.3 1 0
github.com/twinfer/benthos-coap-plugin/pkg/converter/coap_message_converter.go:234.2,235.12 2 0
github.com/twinfer/benthos-coap-plugin/pkg/converter/coap_message_converter.go:238.68,242.2 2 0
github.com/twinfer/benthos-coap-plugin/pkg/converter/coap_message_converter.go:244.67,247.2 2 0
github.com/twinfer/benthos-coap-plugin/pkg/converter/coap_message_converter.go:249.76,250.61 1 19
github.com/twinfer/benthos-coap-plugin/pkg/converter/coap_message_converter.go:250.61,251.37 1 0
github.com/twinfer/benthos-coap-plugin/pkg/converter/coap_message_converter.go:252.14,253.20 1 0
github.com/twinfer/benthos-coap-plugin/pkg/converter/coap_message_converter.go:254.15,255.21 1 0
github.com/twinfer/benthos-coap-plugin/pkg/converter/coap_message_converter.go:256.14,257.20 1 0
github.com/twinfer/benthos-coap-plugin/pkg/converter/coap_message_converter.go:258.17,259.23 1 0
github.com/twinfer/benthos-coap-plugin/pkg/converter/coap_message_converter.go:262.2,262.19 1 19
github.com/twinfer/benthos-coap-plugin/pkg/converter/coap_message_converter.go:265.82,267.65 1 19
github.com/twinfer/benthos-coap-plugin/pkg/converter/coap_message_converter.go:267.65,269.17 2 1
github.com/twinfer/benthos-coap-plugin/pkg/converter/coap_message_converter.go:269.17,271.4 1 1
github.com/twinfer/benthos-coap-plugin/pkg/converter/coap_message_converter.go:275.2,275.58 1 18
github.com/twinfer/benthos-coap-plugin/pkg/converter/coap_message_converter.go:275.58,277.3 1 1
github.com/twinfer/benthos-coap-plugin/pkg/converter/coap_message_converter.go:280.2,281.16 2 17
github.com/twinfer/benthos-coap-plugin/pkg/converter/coap_message_converter.go:281.16,283.3 1 0
github.com/twinfer/benthos-coap-plugin/pkg/converter/coap_message_converter.go:285.2,285.48 1 17
github.com/twinfer/benthos-coap-plugin/pkg/converter/coap_message_converter.go:288.68,289.23 1 17
github.com/twinfer/benthos-coap-plugin/pkg/converter/coap_message_converter.go:289.23,291.3 1 11
github.com/twinfer/benthos-coap-plugin/pkg/converter/coap_message_converter.go:294.2,295.47 2 6
github.com/twinfer/benthos-coap-plugin/pkg/converter/coap_message_converter.go:295.47,297.3 1 1
github.com/twinfer/benthos-coap-plugin/pkg/converter/coap_message_converter.go:300.2,301.84 2 5
github.com/twinfer/benthos-coap-plugin/pkg/converter/coap_message_converter.go:301.84,303.3 1 1
github.com/twinfer/benthos-coap-plugin/pkg/converter/coap_message_converter.go:306.2,306.28 1 4
github.com/twinfer/benthos-coap-plugin/pkg/converter/coap_message_converter.go:306.28,307.45 1 36
github.com/twinfer/benthos-coap-plugin/pkg/converter/coap_message_converter.go:307.45,309.4 1 1
github.com/twinfer/benthos-coap-plugin/pkg/converter/coap_message_converter.go:310.3,310.14 1 35
github.com/twinfer/benthos-coap-plugin/pkg/converter/coap_message_converter.go:310.14,312.4 1 0
github.com/twinfer/benthos-coap-plugin/pkg/converter/coap_message_converter.go:315.2,315.18 1 3
github.com/twinfer/benthos-coap-plugin/pkg/converter/coap_message_converter.go:318.63,319.12 1 0
github.com/twinfer/benthos-coap-plugin/pkg/converter/coap_message_converter.go:320.17,321.22 1 0
github.com/twinfer/benthos-coap-plugin/pkg/converter/coap_message_converter.go:322.21,323.35 1 0
github.com/twinfer/benthos-coap-plugin/pkg/converter/coap_message_converter.go:324.14,325.27 1 0
github.com/twinfer/benthos-coap-plugin/pkg/converter/coap_message_converter.go:326.17,327.36 1 0
github.com/twinfer/benthos-coap-plugin/pkg/converter/coap_message_converter.go:328.15,329.28 1 0
github.com/twinfer/benthos-coap-plugin/pkg/converter/coap_message_converter.go:330.15,331.28 1 0
github.com/twinfer/benthos-coap-plugin/pkg/converter/coap_message_converter.go:332.10,333.36 1 0
github.com/twinfer/benthos-coap-plugin/pkg/converter/coap_message_converter.go:337.69,338.54 1 1
github.com/twinfer/benthos-coap-plugin/pkg/converter/coap_message_converter.go:339.20,340.19 1 0
github.com/twinfer/benthos-coap-plugin/pkg/converter/coap_message_converter.go:341.33,342.23 1 0
github.com/twinfer/benthos-coap-plugin/pkg/converter/coap_message_converter.go:343.37,344.16 1 1
github.com/twinfer/benthos-coap-plugin/pkg/converter/coap_message_converter.go:345.26,346.17 1 0
github.com/twinfer/benthos-coap-plugin/pkg/converter/coap_message_converter.go:347.26,348.17 1 0
github.com/twinfer/benthos-coap-plugin/pkg/converter/coap_message_converter.go:349.10,350.19 1 0
github.com/twinfer/benthos-coap-plugin/pkg/converter/coap_message_converter.go:354.92,356.61 1 19
github.com/twinfer/benthos-coap-plugin/pkg/converter/coap_message_converter.go:356.61,360.17 4 2
github.com/twinfer/benthos-coap-plugin/pkg/converter/coap_message_converter.go:360.17,362.4 1 0
github.com/twinfer/benthos-coap-plugin/pkg/converter/coap_message_converter.go:366.2,366.66 1 19
github.com/twinfer/benthos-coap-plugin/pkg/converter/coap_message_converter.go:366.66,368.29 2 2
github.com/twinfer/benthos-coap-plugin/pkg/converter/coap_message_converter.go:368.29,372.18 4 4
github.com/twinfer/benthos-coap-plugin/pkg/converter/coap_message_converter.go:372.18,374.5 1 0
github.com/twinfer/benthos-coap-plugin/pkg/converter/coap_message_converter.go:379.2,379.62 1 19
github.com/twinfer/benthos-coap-plugin/pkg/converter/coap_message_converter.go:379.62,380.73 1 1
github.com/twinfer/benthos-coap-plugin/pkg/converter/coap_message_converter.go:380.73,384.19 4 1
github.com/twinfer/benthos-coap-plugin/pkg/converter/coap_message_converter.go:384.19,386.5 1 0
github.com/twinfer/benthos-coap-plugin/pkg/converter/coap_message_converter.go:387.9,389.4 1 0
github.com/twinfer/benthos-coap-plugin/pkg/converter/coap_message_converter.go:393.2,393.57 1 19
github.com/twinfer/benthos-coap-plugin/pkg/converter/coap_message_converter.go:393.57,398.17 4 2
github.com/twinfer/benthos-coap-plugin/pkg/converter/coap_message_converter.go:398.17,400.4 1 0
github.com/twinfer/benthos-coap-plugin/pkg/converter/coap_message_converter.go:404.2,404.70 1 19
github.com/twinfer/benthos-coap-plugin/pkg/converter/coap_message_converter.go:404.70,408.38 4 2
github.com/twinfer/benthos-coap-plugin/pkg/converter/coap_message_converter.go:408.38,410.4 1 1
github.com/twinfer/benthos-coap-plugin/pkg/converter/coap_message_converter.go:410.9,410.47 1 1
github.com/twinfer/benthos-coap-plugin/pkg/converter/coap_message_converter.go:410.47,412.4 1 1
github.com/twinfer/benthos-coap-plugin/pkg/converter/coap_message_converter.go:412.9,415.4 2 0
github.com/twinfer/benthos-coap-plugin/pkg/converter/coap_message_converter.go:416.3,416.13 1 2
github.com/twinfer/benthos-coap-plugin/pkg/converter/coap_message_converter.go:416.13,420.18 4 2
github.com/twinfer/benthos-coap-plugin/pkg/converter/coap_message_converter.go:420.18,422.5 1 0
github.com/twinfer/benthos-coap-plugin/pkg/converter/coap_message_converter.go:427.2,427.61 1 19
github.com/twinfer/benthos-coap-plugin/pkg/converter/coap_message_converter.go:427.61,428.73 1 1
github.com/twinfer/benthos-coap-plugin/pkg/converter/coap_message_converter.go:428.73,432.19 4 1
github.com/twinfer/benthos-coap-plugin/pkg/converter/coap_message_converter.go:432.19,434.5 1 0
github.com/twinfer/benthos-coap-plugin/pkg/converter/coap_message_converter.go:435.9,437.4 1 0
github.com/twinfer/benthos-coap-plugin/pkg/converter/coap_message_converter.go:441.2,441.64 1 19
github.com/twinfer/benthos-coap-plugin/pkg/converter/coap_message_converter.go:441.64,445.17 2 1
github.com/twinfer/benthos-coap-plugin/pkg/converter/coap_message_converter.go:445.17,449.19 4 1
github.com/twinfer/benthos-coap-plugin/pkg/converter/coap_message_converter.go:449.19,451.5 1 0
github.com/twinfer/benthos-coap-plugin/pkg/converter/coap_message_converter.go:452.9,454.4 1 0
github.com/twinfer/benthos-coap-plugin/pkg/converter/coap_message_converter.go:460.2,460.60 1 19
github.com/twinfer/benthos-coap-plugin/pkg/converter/coap_message_converter.go:460.60,465.17 4 1
github.com/twinfer/benthos-coap-plugin/pkg/converter/coap_message_converter.go:465.17,467.4 1 0
github.com/twinfer/benthos-coap-plugin/pkg/converter/coap_message_converter.go:474.2,474.30 1 19
github.com/twinfer/benthos-coap-plugin/pkg/converter/coap_message_converter.go:474.30,482.47 3 2
github.com/twinfer/benthos-coap-plugin/pkg/converter/coap_message_converter.go:482.47,483.44 1 7
github.com/twinfer/benthos-coap-plugin/pkg/converter/coap_message_converter.go:483.44,488.29 4 2
github.com/twinfer/benthos-coap-plugin/pkg/converter/coap_message_converter.go:488.29,493.37 1 2
github.com/twinfer/benthos-coap-plugin/pkg/converter/coap_message_converter.go:494.169,501.17 2 1
github.com/twinfer/benthos-coap-plugin/pkg/converter/coap_message_converter.go:504.6,505.26 2 1
github.com/twinfer/benthos-coap-plugin/pkg/converter/coap_message_converter.go:505.26,508.7 2 0
github.com/twinfer/benthos-coap-plugin/pkg/converter/coap_message_converter.go:509.6,513.8 1 1
github.com/twinfer/benthos-coap-plugin/pkg/converter/coap_message_converter.go:516.4,516.14 1 6
github.com/twinfer/benthos-coap-plugin/pkg/converter/coap_message_converter.go:520.3,520.52 1 2
github.com/twinfer/benthos-coap-plugin/pkg/converter/coap_message_converter.go:520.52,521.56 1 0
github.com/twinfer/benthos-coap-plugin/pkg/converter/coap_message_converter.go:521.56,523.5 1 0
github.com/twinfer/benthos-coap-plugin/pkg/converter/coap_message_converter.go:524.4,524.64 1 0
github.com/twinfer/benthos-coap-plugin/pkg/converter/coap_message_converter.go:527.3,527.40 1 2
github.com/twinfer/benthos-coap-plugin/pkg/converter/coap_message_converter.go:527.40,531.18 4 1
github.com/twinfer/benthos-coap-plugin/pkg/converter/coap_message_converter.go:531.18,533.5 1 0
github.com/twinfer/benthos-coap-plugin/pkg/converter/coap_message_converter.go:533.10,535.5 1 1
github.com/twinfer/benthos-coap-plugin/pkg/converter/coap_message_converter.go:540.88,541.31 1 1
github.com/twinfer/benthos-coap-plugin/pkg/converter/coap_message_converter.go:541.31,543.3 1 0
github.com/twinfer/benthos-coap-plugin/pkg/converter/coap_message_converter.go:546.2,548.38 2 1
github.com/twinfer/benthos-coap-plugin/pkg/converter/coap_message_converter.go:548.38,552.17 1 2
github.com/twinfer/benthos-coap-plugin/pkg/converter/coap_message_converter.go:553.134,558.12 1 1
github.com/twinfer/benthos-coap-plugin/pkg/converter/coap_message_converter.go:561.3,570.146 7 1
github.com/twinfer/benthos-coap-plugin/pkg/converter/coap_message_converter.go:574.69,575.18 1 1
github.com/twinfer/benthos-coap-plugin/pkg/converter/coap_message_converter.go:576.23,577.20 1 0
github.com/twinfer/benthos-coap-plugin/pkg/converter/coap_message_converter.go:578.23,579.20 1 0
github.com/twinfer/benthos-coap-plugin/pkg/converter/coap_message_converter.go:580.20,581.16 1 0
github.com/twinfer/benthos-coap-plugin/pkg/converter/coap_message_converter.go:582.27,583.25 1 0
github.com/twinfer/benthos-coap-plugin/pkg/converter/coap_message_converter.go:584.23,585.19 1 0
github.com/twinfer/benthos-coap-plugin/pkg/converter/coap_message_converter.go:586.23,587.20 1 0
github.com/twinfer/benthos-coap-plugin/pkg/converter/coap_message_converter.go:588.28,589.25 1 0
github.com/twinfer/benthos-coap-plugin/pkg/converter/coap_message_converter.go:590.23,591.20 1 0
github.com/twinfer/benthos-coap-plugin/pkg/converter/coap_message_converter.go:592.29,593.26 1 0
github.com/twinfer/benthos-coap-plugin/pkg/converter/coap_message_converter.go:594.22,595.19 1 0
github.com/twinfer/benthos-coap-plugin/pkg/converter/coap_message_converter.go:596.24,597.21 1 0
github.com/twinfer/benthos-coap-plugin/pkg/converter/coap_message_converter.go:598.22,599.18 1 0
github.com/twinfer/benthos-coap-plugin/pkg/converter/coap_message_converter.go:600.29,601.26 1 0
github.com/twinfer/benthos-coap-plugin/pkg/converter/coap_message_converter.go:602.22,603.18 1 0
github.com/twinfer/benthos-coap-plugin/pkg/converter/coap_message_converter.go:604.22,605.18 1 0
github.com/twinfer/benthos-coap-plugin/pkg/converter/coap_message_converter.go:606.21,607.17 1 0
github.com/twinfer/benthos-coap-plugin/pkg/converter/coap_message_converter.go:608.24,609.21 1 0
github.com/twinfer/benthos-coap-plugin/pkg/converter/coap_message_converter.go:610.27,611.24 1 0
github.com/twinfer/benthos-coap-plugin/pkg/converter/coap_message_converter.go:612.21,613.17 1 0
github.com/twinfer/benthos-coap-plugin/pkg/converter/coap_message_converter.go:614.10,615.49 1 1
github.com/twinfer/benthos-coap-plugin/pkg/converter/coap_message_converter.go:619.69,623.51 3 0
github.com/twinfer/benthos-coap-plugin/pkg/converter/coap_message_converter.go:623.51,625.3 1 0
github.com/twinfer/benthos-coap-plugin/pkg/converter/coap_message_converter.go:627.2,627.41 1 0
github.com/twinfer/benthos-coap-plugin/pkg/converter/coap_message_converter.go:627.41,629.3 1 0
github.com/twinfer/benthos-coap-plugin/pkg/converter/coap_message_converter.go:631.2,631.25 1 0
github.com/twinfer/benthos-coap-plugin/pkg/converter/coap_message_converter.go:634.68,636.16 2 0
github.com/twinfer/benthos-coap-plugin/pkg/converter/coap_message_converter.go:636.16,638.3 1 0
github.com/twinfer/benthos-coap-plugin/pkg/converter/coap_message_converter.go:639.2,641.27 2 0
github.com/twinfer/benthos-coap-plugin/pkg/converter/coap_message_converter.go:644.71,645.23 1 6
github.com/twinfer/benthos-coap-plugin/pkg/converter/coap_message_converter.go:645.23,647.3 1 1
github.com/twinfer/benthos-coap-plugin/pkg/converter/coap_message_converter.go:649.2,651.16 3 5
github.com/twinfer/benthos-coap-plugin/pkg/converter/coap_message_converter.go:651.16,653.3 1 2
github.com/twinfer/benthos-coap-plugin/pkg/converter/coap_message_converter.go:654.2,657.16 3 3
github.com/twinfer/benthos-coap-plugin/pkg/converter/coap_message_converter.go:657.16,659.3 1 1
github.com/twinfer/benthos-coap-plugin/pkg/converter/coap_message_converter.go:660.2,660.26 1 2
github.com/twinfer/benthos-coap-plugin/pkg/observer/circuit_breaker.go:35.62,36.21 1 5
github.com/twinfer/benthos-coap-plugin/pkg/observer/circuit_breaker.go:36.21,41.3 1 1
github.com/twinfer/benthos-coap-plugin/pkg/observer/circuit_breaker.go:44.2,44.34 1 4
github.com/twinfer/benthos-coap-plugin/pkg/observer/circuit_breaker.go:44.34,46.3 1 0
github.com/twinfer/benthos-coap-plugin/pkg/observer/circuit_breaker.go:47.2,47.34 1 4
github.com/twinfer/benthos-coap-plugin/pkg/observer/circuit_breaker.go:47.34,49.3 1 0
github.com/twinfer/benthos-coap-plugin/pkg/observer/circuit_breaker.go:50.2,50.25 1 4
github.com/twinfer/benthos-coap-plugin/pkg/observer/circuit_breaker.go:50.25,52.3 1 0
github.com/twinfer/benthos-coap-plugin/pkg/observer/circuit_breaker.go:53.2,53.34 1 4
github.com/twinfer/benthos-coap-plugin/pkg/observer/circuit_breaker.go:53.34,55.3 1 0
github.com/twinfer/benthos-coap-plugin/pkg/observer/circuit_breaker.go:57.2,60.3 1 4
github.com/twinfer/benthos-coap-plugin/pkg/observer/circuit_breaker.go:63.45,64.24 1 7
github.com/twinfer/benthos-coap-plugin/pkg/observer/circuit_breaker.go:64.24,66.3 1 2
github.com/twinfer/benthos-coap-plugin/pkg/observer/circuit_breaker.go:68.2,70.22 2 5
github.com/twinfer/benthos-coap-plugin/pkg/observer/circuit_breaker.go:71.21,72.14 1 3
github.com/twinfer/benthos-coap-plugin/pkg/observer/circuit_breaker.go:74.19,79.20 4 2
github.com/twinfer/benthos-coap-plugin/pkg/observer/circuit_breaker.go:79.20,81.75 1 1
github.com/twinfer/benthos-coap-plugin/pkg/observer/circuit_breaker.go:81.75,84.5 2 1
github.com/twinfer/benthos-coap-plugin/pkg/observer/circuit_breaker.go:85.4,85.15 1 1
github.com/twinfer/benthos-coap-plugin/pkg/observer/circuit_breaker.go:87.3,87.15 1 1
github.com/twinfer/benthos-coap-plugin/pkg/observer/circuit_breaker.go:89.23,91.55 2 0
github.com/twinfer/benthos-coap-plugin/pkg/observer/circuit_breaker.go:91.55,94.4 2 0
github.com/twinfer/benthos-coap-plugin/pkg/observer/circuit_breaker.go:95.3,95.15 1 0
github.com/twinfer/benthos-coap-plugin/pkg/observer/circuit_breaker.go:97.10,98.15 1 0
github.com/twinfer/benthos-coap-plugin/pkg/observer/circuit_breaker.go:102.43,103.24 1 3
github.com/twinfer/benthos-coap-plugin/pkg/observer/circuit_breaker.go:103.24,105.3 1 0
github.com/twinfer/benthos-coap-plugin/pkg/observer/circuit_breaker.go:107.2,109.22 2 3
github.com/twinfer/benthos-coap-plugin/pkg/observer/circuit_breaker.go:110.21,112.37 1 1
github.com/twinfer/benthos-coap-plugin/pkg/observer/circuit_breaker.go:114.23,116.53 2 2
github.com/twinfer/benthos-coap-plugin/pkg/observer/circuit_breaker.go:116.53,122.4 4 1
github.com/twinfer/benthos-coap-plugin/pkg/observer/circuit_breaker.go:126.43,127.24 1 9
github.com/twinfer/benthos-coap-plugin/pkg/observer/circuit_breaker.go:127.24,129.3 1 3
github.com/twinfer/benthos-coap-plugin/pkg/observer/circuit_breaker.go:131.2,138.22 6 6
github.com/twinfer/benthos-coap-plugin/pkg/observer/circuit_breaker.go:139.21,140.52 1 6
github.com/twinfer/benthos-coap-plugin/pkg/observer/circuit_breaker.go:140.52,142.4 1 2
github.com/twinfer/benthos-coap-plugin/pkg/observer/circuit_breaker.go:144.23,148.42 3 0
github.com/twinfer/benthos-coap-plugin/pkg/observer/circuit_breaker.go:152.42,153.24 1 8
github.com/twinfer/benthos-coap-plugin/pkg/observer/circuit_breaker.go:153.24,155.3 1 2
github.com/twinfer/benthos-coap-plugin/pkg/observer/circuit_breaker.go:157.2,159.22 2 6
github.com/twinfer/benthos-coap-plugin/pkg/observer/circuit_breaker.go:160.21,161.18 1 4
github.com/twinfer/benthos-coap-plugin/pkg/observer/circuit_breaker.go:162.19,167.20 4 2
github.com/twinfer/benthos-coap-plugin/pkg/observer/circuit_breaker.go:167.20,169.4 1 0
github.com/twinfer/benthos-coap-plugin/pkg/observer/circuit_breaker.go:170.3,170.16 1 2
github.com/twinfer/benthos-coap-plugin/pkg/observer/circuit_breaker.go:171.23,172.21 1 0
github.com/twinfer/benthos-coap-plugin/pkg/observer/circuit_breaker.go:173.10,174.19 1 0
github.com/twinfer/benthos-coap-plugin/pkg/observer/circuit_breaker.go:178.58,179.24 1 3
github.com/twinfer/benthos-coap-plugin/pkg/observer/circuit_breaker.go:179.24,183.3 1 0
github.com/twinfer/benthos-coap-plugin/pkg/observer/circuit_breaker.go:185.2,200.27 5 3
github.com/twinfer/benthos-coap-plugin/pkg/observer/circuit_breaker.go:200.27,203.3 2 2
github.com/twinfer/benthos-coap-plugin/pkg/observer/circuit_breaker.go:205.2,205.52 1 3
github.com/twinfer/benthos-coap-plugin/pkg/observer/circuit_breaker.go:205.52,207.3 1 0
github.com/twinfer/benthos-coap-plugin/pkg/observer/circuit_breaker.go:209.2,209.14 1 3
github.com/twinfer/benthos-coap-plugin/pkg/observer/circuit_breaker.go:212.35,213.24 1 0
github.com/twinfer/benthos-coap-plugin/pkg/observer/circuit_breaker.go:213.24,215.3 1 0
github.com/twinfer/benthos-coap-plugin/pkg/observer/circuit_breaker.go:217.2,224.16 7 0
github.com/twinfer/benthos-coap-plugin/pkg/observer/circuit_breaker.go:233.56,237.2 1 1
github.com/twinfer/benthos-coap-plugin/pkg/observer/circuit_breaker.go:239.98,243.46 3 2
github.com/twinfer/benthos-coap-plugin/pkg/observer/circuit_breaker.go:243.46,245.3 1 1
github.com/twinfer/benthos-coap-plugin/pkg/observer/circuit_breaker.go:247.2,249.11 3 1
github.com/twinfer/benthos-coap-plugin/pkg/observer/circuit_breaker.go:252.76,258.2 4 3
github.com/twinfer/benthos-coap-plugin/pkg/observer/circuit_breaker.go:260.55,265.2 3 1
github.com/twinfer/benthos-coap-plugin/pkg/observer/circuit_breaker.go:267.51,272.33 4 1
github.com/twinfer/benthos-coap-plugin/pkg/observer/circuit_breaker.go:272.33,274.3 1 1
github.com/twinfer/benthos-coap-plugin/pkg/observer/circuit_breaker.go:275.2,275.14 1 1
github.com/twinfer/benthos-coap-plugin/pkg/observer/circuit_breaker.go:278.66,287.37 7 0
github.com/twinfer/benthos-coap-plugin/pkg/observer/circuit_breaker.go:287.37,291.62 3 0
github.com/twinfer/benthos-coap-plugin/pkg/observer/circuit_breaker.go:291.62,292.37 1 0
github.com/twinfer/benthos-coap-plugin/pkg/observer/circuit_breaker.go:293.35,294.16 1 0
github.com/twinfer/benthos-coap-plugin/pkg/observer/circuit_breaker.go:295.21,296.20 1 0
github.com/twinfer/benthos-coap-plugin/pkg/observer/circuit_breaker.go:297.18,298.18 1 0
github.com/twinfer/benthos-coap-plugin/pkg/observer/circuit_breaker.go:303.2,310.14 2 0
github.com/twinfer/benthos-coap-plugin/pkg/observer/circuit_breaker.go:313.46,317.34 3 0
github.com/twinfer/benthos-coap-plugin/pkg/observer/circuit_breaker.go:317.34,319.3 1 0
github.com/twinfer/benthos-coap-plugin/pkg/observer/coap_observer_manager.go:77.167,82.21 3 12
github.com/twinfer/benthos-coap-plugin/pkg/observer/coap_observer_manager.go:82.21,85.3 2 2
github.com/twinfer/benthos-coap-plugin/pkg/observer/coap_observer_manager.go:88.2,88.43 1 10
github.com/twinfer/benthos-coap-plugin/pkg/observer/coap_observer_manager.go:88.43,89.17 1 5
github.com/twinfer/benthos-coap-plugin/pkg/observer/coap_observer_manager.go:89.17,92.4 2 1
github.com/twinfer/benthos-coap-plugin/pkg/observer/coap_observer_manager.go:96.2,96.78 1 9
github.com/twinfer/benthos-coap-plugin/pkg/observer/coap_observer_manager.go:96.78,99.3 2 1
github.com/twinfer/benthos-coap-plugin/pkg/observer/coap_observer_manager.go:101.2,120.15 2 8
github.com/twinfer/benthos-coap-plugin/pkg/observer/coap_observer_manager.go:123.33,125.45 2 0
github.com/twinfer/benthos-coap-plugin/pkg/observer/coap_observer_manager.go:125.45,126.43 1 0
github.com/twinfer/benthos-coap-plugin/pkg/observer/coap_observer_manager.go:126.43,129.12 2 0
github.com/twinfer/benthos-coap-plugin/pkg/observer/coap_observer_manager.go:132.2,132.12 1 0
github.com/twinfer/benthos-coap-plugin/pkg/observer/coap_observer_manager.go:135.48,140.48 4 0
github.com/twinfer/benthos-coap-plugin/pkg/observer/coap_observer_manager.go:140.48,142.3 1 0
github.com/twinfer/benthos-coap-plugin/pkg/observer/coap_observer_manager.go:144.2,145.16 2 0
github.com/twinfer/benthos-coap-plugin/pkg/observer/coap_observer_manager.go:145.16,147.3 1 0
github.com/twinfer/benthos-coap-plugin/pkg/observer/coap_observer_manager.go:149.2,165.12 8 0
github.com/twinfer/benthos-coap-plugin/pkg/observer/coap_observer_manager.go:168.76,174.6 4 0
github.com/twinfer/benthos-coap-plugin/pkg/observer/coap_observer_manager.go:174.6,175.10 1 0
github.com/twinfer/benthos-coap-plugin/pkg/observer/coap_observer_manager.go:176.21,178.10 2 0
github.com/twinfer/benthos-coap-plugin/pkg/observer/coap_observer_manager.go:179.11,179.11 0 0
github.com/twinfer/benthos-coap-plugin/pkg/observer/coap_observer_manager.go:182.3,182.32 1 0
github.com/twinfer/benthos-coap-plugin/pkg/observer/coap_observer_manager.go:182.32,186.11 3 0
github.com/twinfer/benthos-coap-plugin/pkg/observer/coap_observer_manager.go:187.49,188.13 1 0
github.com/twinfer/benthos-coap-plugin/pkg/observer/coap_observer_manager.go:189.22,191.11 2 0
github.com/twinfer/benthos-coap-plugin/pkg/observer/coap_observer_manager.go:195.3,196.17 2 0
github.com/twinfer/benthos-coap-plugin/pkg/observer/coap_observer_manager.go:196.17,203.67 5 0
github.com/twinfer/benthos-coap-plugin/pkg/observer/coap_observer_manager.go:203.67,208.5 2 0
github.com/twinfer/benthos-coap-plugin/pkg/observer/coap_observer_manager.go:210.4,217.11 3 0
github.com/twinfer/benthos-coap-plugin/pkg/observer/coap_observer_manager.go:218.29,218.29 0 0
github.com/twinfer/benthos-coap-plugin/pkg/observer/coap_observer_manager.go:219.22,220.11 1 0
github.com/twinfer/benthos-coap-plugin/pkg/observer/coap_observer_manager.go:222.9,225.4 2 0
github.com/twinfer/benthos-coap-plugin/pkg/observer/coap_observer_manager.go:229.80,238.58 6 0
github.com/twinfer/benthos-coap-plugin/pkg/observer/coap_observer_manager.go:238.58,248.47 2 0
github.com/twinfer/benthos-coap-plugin/pkg/observer/coap_observer_manager.go:248.47,250.18 2 0
github.com/twinfer/benthos-coap-plugin/pkg/observer/coap_observer_manager.go:250.18,252.5 1 0
github.com/twinfer/benthos-coap-plugin/pkg/observer/coap_observer_manager.go:253.4,253.19 1 0
github.com/twinfer/benthos-coap-plugin/pkg/observer/coap_observer_manager.go:256.3,256.40 1 0
github.com/twinfer/benthos-coap-plugin/pkg/observer/coap_observer_manager.go:259.2,262.32 3 0
github.com/twinfer/benthos-coap-plugin/pkg/observer/coap_observer_manager.go:263.23,265.20 2 0
github.com/twinfer/benthos-coap-plugin/pkg/observer/coap_observer_manager.go:265.20,267.81 2 0
github.com/twinfer/benthos-coap-plugin/pkg/observer/coap_observer_manager.go:267.81,269.5 1 0
github.com/twinfer/benthos-coap-plugin/pkg/observer/coap_observer_manager.go:270.4,272.101 3 0
github.com/twinfer/benthos-coap-plugin/pkg/observer/coap_observer_manager.go:274.23,276.20 2 0
github.com/twinfer/benthos-coap-plugin/pkg/observer/coap_observer_manager.go:276.20,278.81 2 0
github.com/twinfer/benthos-coap-plugin/pkg/observer/coap_observer_manager.go:278.81,280.5 1 0
github.com/twinfer/benthos-coap-plugin/pkg/observer/coap_observer_manager.go:281.4,283.100 3 0
github.com/twinfer/benthos-coap-plugin/pkg/observer/coap_observer_manager.go:285.10,286.103 1 0
github.com/twinfer/benthos-coap-plugin/pkg/observer/coap_observer_manager.go:289.2,289.19 1 0
github.com/twinfer/benthos-coap-plugin/pkg/observer/coap_observer_manager.go:289.19,292.3 2 0
github.com/twinfer/benthos-coap-plugin/pkg/observer/coap_observer_manager.go:300.2,308.19 6 0
github.com/twinfer/benthos-coap-plugin/pkg/observer/coap_observer_manager.go:308.19,309.81 1 0
github.com/twinfer/benthos-coap-plugin/pkg/observer/coap_observer_manager.go:309.81,311.24 2 0
github.com/twinfer/benthos-coap-plugin/pkg/observer/coap_observer_manager.go:311.24,313.5 1 0
github.com/twinfer/benthos-coap-plugin/pkg/observer/coap_observer_manager.go:313.10,315.5 1 0
github.com/twinfer/benthos-coap-plugin/pkg/observer/coap_observer_manager.go:319.2,319.78 1 0
github.com/twinfer/benthos-coap-plugin/pkg/observer/coap_observer_manager.go:319.78,322.3 2 0
github.com/twinfer/benthos-coap-plugin/pkg/observer/coap_observer_manager.go:324.2,325.12 2 0
github.com/twinfer/benthos-coap-plugin/pkg/observer/coap_observer_manager.go:330.79,332.16 2 1
github.com/twinfer/benthos-coap-plugin/pkg/observer/coap_observer_manager.go:332.16,335.3 2 0
github.com/twinfer/benthos-coap-plugin/pkg/observer/coap_observer_manager.go:337.2,338.21 2 1
github.com/twinfer/benthos-coap-plugin/pkg/observer/coap_observer_manager.go:338.21,340.3 1 0
github.com/twinfer/benthos-coap-plugin/pkg/observer/coap_observer_manager.go:340.8,342.3 1 1
github.com/twinfer/benthos-coap-plugin/pkg/observer/coap_observer_manager.go:344.2,350.24 5 1
github.com/twinfer/benthos-coap-plugin/pkg/observer/coap_observer_manager.go:350.24,353.3 2 0
github.com/twinfer/benthos-coap-plugin/pkg/observer/coap_observer_manager.go:355.2,356.16 2 1
github.com/twinfer/benthos-coap-plugin/pkg/observer/coap_observer_manager.go:356.16,359.3 2 0
github.com/twinfer/benthos-coap-plugin/pkg/observer/coap_observer_manager.go:371.2,371.9 1 1
github.com/twinfer/benthos-coap-plugin/pkg/observer/coap_observer_manager.go:372.31,373.118 1 1
github.com/twinfer/benthos-coap-plugin/pkg/observer/coap_observer_manager.go:374.10,375.149 1 0
github.com/twinfer/benthos-coap-plugin/pkg/observer/coap_observer_manager.go:379.62,383.2 3 1
github.com/twinfer/benthos-coap-plugin/pkg/observer/coap_observer_manager.go:385.35,389.2 3 0
github.com/twinfer/benthos-coap-plugin/pkg/observer/coap_observer_manager.go:391.57,393.2 1 2
github.com/twinfer/benthos-coap-plugin/pkg/observer/coap_observer_manager.go:395.33,397.50 1 9
github.com/twinfer/benthos-coap-plugin/pkg/observer/coap_observer_manager.go:397.50,400.3 2 1
github.com/twinfer/benthos-coap-plugin/pkg/observer/coap_observer_manager.go:402.2,407.41 5 8
github.com/twinfer/benthos-coap-plugin/pkg/observer/coap_observer_manager.go:407.41,409.22 2 1
github.com/twinfer/benthos-coap-plugin/pkg/observer/coap_observer_manager.go:409.22,411.4 1 0
github.com/twinfer/benthos-coap-plugin/pkg/observer/coap_observer_manager.go:412.3,419.20 5 1
github.com/twinfer/benthos-coap-plugin/pkg/observer/coap_observer_manager.go:419.20,420.82 1 0
github.com/twinfer/benthos-coap-plugin/pkg/observer/coap_observer_manager.go:420.82,422.25 2 0
github.com/twinfer/benthos-coap-plugin/pkg/observer/coap_observer_manager.go:422.25,424.6 1 0
github.com/twinfer/benthos-coap-plugin/pkg/observer/coap_observer_manager.go:424.11,426.6 1 0
github.com/twinfer/benthos-coap-plugin/pkg/observer/coap_observer_manager.go:429.3,429.119 1 1
github.com/twinfer/benthos-coap-plugin/pkg/observer/coap_observer_manager.go:431.2,440.12 7 8
github.com/twinfer/benthos-coap-plugin/pkg/observer/coap_observer_manager.go:443.57,450.41 5 0
github.com/twinfer/benthos-coap-plugin/pkg/observer/coap_observer_manager.go:450.41,459.42 3 0
github.com/twinfer/benthos-coap-plugin/pkg/observer/coap_observer_manager.go:459.42,461.4 1 0
github.com/twinfer/benthos-coap-plugin/pkg/observer/coap_observer_manager.go:463.2,464.69 2 0
github.com/twinfer/benthos-coap-plugin/pkg/observer/coap_observer_manager.go:464.69,466.3 1 0
github.com/twinfer/benthos-coap-plugin/pkg/observer/coap_observer_manager.go:468.2,476.15 2 0
github.com/twinfer/benthos-coap-plugin/pkg/output/coap_output_plugin.go:23.13,123.138 2 1
github.com/twinfer/benthos-coap-plugin/pkg/output/coap_output_plugin.go:123.138,125.17 2 0
github.com/twinfer/benthos-coap-plugin/pkg/output/coap_output_plugin.go:125.17,127.4 1 0
github.com/twinfer/benthos-coap-plugin/pkg/output/coap_output_plugin.go:128.3,128.24 1 0
github.com/twinfer/benthos-coap-plugin/pkg/output/coap_output_plugin.go:130.2,130.16 1 1
github.com/twinfer/benthos-coap-plugin/pkg/output/coap_output_plugin.go:130.16,131.13 1 0
github.com/twinfer/benthos-coap-plugin/pkg/output/coap_output_plugin.go:180.96,183.16 2 0
github.com/twinfer/benthos-coap-plugin/pkg/output/coap_output_plugin.go:183.16,185.3 1 0
github.com/twinfer/benthos-coap-plugin/pkg/output/coap_output_plugin.go:187.2,188.16 2 0
github.com/twinfer/benthos-coap-plugin/pkg/output/coap_output_plugin.go:188.16,190.3 1 0
github.com/twinfer/benthos-coap-plugin/pkg/output/coap_output_plugin.go:192.2,193.16 2 0
github.com/twinfer/benthos-coap-plugin/pkg/output/coap_output_plugin.go:193.16,195.3 1 0
github.com/twinfer/benthos-coap-plugin/pkg/output/coap_output_plugin.go:198.2,199.16 2 0
github.com/twinfer/benthos-coap-plugin/pkg/output/coap_output_plugin.go:199.16,201.3 1 0
github.com/twinfer/benthos-coap-plugin/pkg/output/coap_output_plugin.go:204.2,205.16 2 0
github.com/twinfer/benthos-coap-plugin/pkg/output/coap_output_plugin.go:205.16,207.3 1 0
github.com/twinfer/benthos-coap-plugin/pkg/output/coap_output_plugin.go:210.2,211.16 2 0
github.com/twinfer/benthos-coap-plugin/pkg/output/coap_output_plugin.go:211.16,213.3 1 0
github.com/twinfer/benthos-coap-plugin/pkg/output/coap_output_plugin.go:216.2,217.16 2 0
github.com/twinfer/benthos-coap-plugin/pkg/output/coap_output_plugin.go:217.16,219.3 1 0
github.com/twinfer/benthos-coap-plugin/pkg/output/coap_output_plugin.go:222.2,223.16 2 0
github.com/twinfer/benthos-coap-plugin/pkg/output/coap_output_plugin.go:223.16,225.3 1 0
github.com/twinfer/benthos-coap-plugin/pkg/output/coap_output_plugin.go:228.2,229.16 2 0
github.com/twinfer/benthos-coap-plugin/pkg/output/coap_output_plugin.go:229.16,231.3 1 0
github.com/twinfer/benthos-coap-plugin/pkg/output/coap_output_plugin.go:233.2,262.20 4 0
github.com/twinfer/benthos-coap-plugin/pkg/output/coap_output_plugin.go:265.53,268.2 2 0
github.com/twinfer/benthos-coap-plugin/pkg/output/coap_output_plugin.go:270.73,272.2 1 0
github.com/twinfer/benthos-coap-plugin/pkg/output/coap_output_plugin.go:274.98,279.16 3 0
github.com/twinfer/benthos-coap-plugin/pkg/output/coap_output_plugin.go:279.16,282.3 1 0
github.com/twinfer/benthos-coap-plugin/pkg/output/coap_output_plugin.go:283.2,290.17 5 0
github.com/twinfer/benthos-coap-plugin/pkg/output/coap_output_plugin.go:290.17,291.33 1 0
github.com/twinfer/benthos-coap-plugin/pkg/output/coap_output_plugin.go:291.33,294.4 2 0
github.com/twinfer/benthos-coap-plugin/pkg/output/coap_output_plugin.go:294.9,296.4 1 0
github.com/twinfer/benthos-coap-plugin/pkg/output/coap_output_plugin.go:297.3,297.33 1 0
github.com/twinfer/benthos-coap-plugin/pkg/output/coap_output_plugin.go:301.2,302.16 2 0
github.com/twinfer/benthos-coap-plugin/pkg/output/coap_output_plugin.go:302.16,305.3 2 0
github.com/twinfer/benthos-coap-plugin/pkg/output/coap_output_plugin.go:308.2,308.41 1 0
github.com/twinfer/benthos-coap-plugin/pkg/output/coap_output_plugin.go:308.41,310.3 1 0
github.com/twinfer/benthos-coap-plugin/pkg/output/coap_output_plugin.go:310.8,312.3 1 0
github.com/twinfer/benthos-coap-plugin/pkg/output/coap_output_plugin.go:315.2,316.16 2 0
github.com/twinfer/benthos-coap-plugin/pkg/output/coap_output_plugin.go:316.16,317.51 1 0
github.com/twinfer/benthos-coap-plugin/pkg/output/coap_output_plugin.go:317.51,327.30 5 0
github.com/twinfer/benthos-coap-plugin/pkg/output/coap_output_plugin.go:327.30,329.5 1 0
github.com/twinfer/benthos-coap-plugin/pkg/output/coap_output_plugin.go:331.4,334.11 2 0
github.com/twinfer/benthos-coap-plugin/pkg/output/coap_output_plugin.go:335.29,336.52 1 0
github.com/twinfer/benthos-coap-plugin/pkg/output/coap_output_plugin.go:337.22,339.21 2 0
github.com/twinfer/benthos-coap-plugin/pkg/output/coap_output_plugin.go:343.3,344.123 2 0
github.com/twinfer/benthos-coap-plugin/pkg/output/coap_output_plugin.go:347.2,349.12 3 0
github.com/twinfer/benthos-coap-plugin/pkg/output/coap_output_plugin.go:352.143,357.28 3 0
github.com/twinfer/benthos-coap-plugin/pkg/output/coap_output_plugin.go:357.28,359.3 1 0
github.com/twinfer/benthos-coap-plugin/pkg/output/coap_output_plugin.go:361.2,375.29 9 0
github.com/twinfer/benthos-coap-plugin/pkg/output/coap_output_plugin.go:376.23,377.72 1 0
github.com/twinfer/benthos-coap-plugin/pkg/output/coap_output_plugin.go:378.23,379.72 1 0
github.com/twinfer/benthos-coap-plugin/pkg/output/coap_output_plugin.go:380.10,382.105 2 0
github.com/twinfer/benthos-coap-plugin/pkg/output/coap_output_plugin.go:387.141,397.42 5 0
github.com/twinfer/benthos-coap-plugin/pkg/output/coap_output_plugin.go:397.42,400.3 2 0
github.com/twinfer/benthos-coap-plugin/pkg/output/coap_output_plugin.go:403.2,406.30 2 0
github.com/twinfer/benthos-coap-plugin/pkg/output/coap_output_plugin.go:406.30,408.39 1 0
github.com/twinfer/benthos-coap-plugin/pkg/output/coap_output_plugin.go:408.39,409.61 1 0
github.com/twinfer/benthos-coap-plugin/pkg/output/coap_output_plugin.go:409.61,411.28 1 0
github.com/twinfer/benthos-coap-plugin/pkg/output/coap_output_plugin.go:411.28,414.6 2 0
github.com/twinfer/benthos-coap-plugin/pkg/output/coap_output_plugin.go:419.2,423.16 3 0
github.com/twinfer/benthos-coap-plugin/pkg/output/coap_output_plugin.go:423.16,426.44 2 0
github.com/twinfer/benthos-coap-plugin/pkg/output/coap_output_plugin.go:426.44,429.4 2 0
github.com/twinfer/benthos-coap-plugin/pkg/output/coap_output_plugin.go:430.3,430.106 1 0
github.com/twinfer/benthos-coap-plugin/pkg/output/coap_output_plugin.go:434.2,439.34 3 0
github.com/twinfer/benthos-coap-plugin/pkg/output/coap_output_plugin.go:439.34,442.3 2 0
github.com/twinfer/benthos-coap-plugin/pkg/output/coap_output_plugin.go:444.2,444.12 1 0
github.com/twinfer/benthos-coap-plugin/pkg/output/coap_output_plugin.go:448.141,458.42 5 0
github.com/twinfer/benthos-coap-plugin/pkg/output/coap_output_plugin.go:458.42,461.3 2 0
github.com/twinfer/benthos-coap-plugin/pkg/output/coap_output_plugin.go:464.2,467.30 2 0
github.com/twinfer/benthos-coap-plugin/pkg/output/coap_output_plugin.go:467.30,469.39 1 0
github.com/twinfer/benthos-coap-plugin/pkg/output/coap_output_plugin.go:469.39,470.61 1 0
github.com/twinfer/benthos-coap-plugin/pkg/output/coap_output_plugin.go:470.61,472.28 1 0
github.com/twinfer/benthos-coap-plugin/pkg/output/coap_output_plugin.go:472.28,475.6 2 0
github.com/twinfer/benthos-coap-plugin/pkg/output/coap_output_plugin.go:480.2,484.16 3 0
github.com/twinfer/benthos-coap-plugin/pkg/output/coap_output_plugin.go:484.16,486.44 2 0
github.com/twinfer/benthos-coap-plugin/pkg/output/coap_output_plugin.go:486.44,489.4 2 0
github.com/twinfer/benthos-coap-plugin/pkg/output/coap_output_plugin.go:490.3,490.106 1 0
github.com/twinfer/benthos-coap-plugin/pkg/output/coap_output_plugin.go:494.2,499.34 3 0
github.com/twinfer/benthos-coap-plugin/pkg/output/coap_output_plugin.go:499.34,502.3 2 0
github.com/twinfer/benthos-coap-plugin/pkg/output/coap_output_plugin.go:504.2,504.12 1 0
github.com/twinfer/benthos-coap-plugin/pkg/output/coap_output_plugin.go:507.84,509.28 2 0
github.com/twinfer/benthos-coap-plugin/pkg/output/coap_output_plugin.go:509.28,510.43 1 0
github.com/twinfer/benthos-coap-plugin/pkg/output/coap_output_plugin.go:510.43,512.23 2 0
github.com/twinfer/benthos-coap-plugin/pkg/output/coap_output_plugin.go:512.23,514.5 1 0
github.com/twinfer/benthos-coap-plugin/pkg/output/coap_output_plugin.go:519.2,519.17 1 0
github.com/twinfer/benthos-coap-plugin/pkg/output/coap_output_plugin.go:522.51,525.26 2 0
github.com/twinfer/benthos-coap-plugin/pkg/output/coap_output_plugin.go:525.26,526.47 1 0
github.com/twinfer/benthos-coap-plugin/pkg/output/coap_output_plugin.go:526.47,531.4 2 0
github.com/twinfer/benthos-coap-plugin/pkg/output/coap_output_plugin.go:534.2,535.12 2 0
github.com/twinfer/benthos-coap-plugin/pkg/output/coap_output_plugin.go:539.50,547.26 2 0
github.com/twinfer/benthos-coap-plugin/pkg/output/coap_output_plugin.go:547.26,553.3 1 0
github.com/twinfer/benthos-coap-plugin/pkg/output/coap_output_plugin.go:553.8,556.3 2 0
github.com/twinfer/benthos-coap-plugin/pkg/output/coap_output_plugin.go:561.2,561.21 1 0
github.com/twinfer/benthos-coap-plugin/pkg/output/coap_output_plugin.go:564.95,566.16 2 0
github.com/twinfer/benthos-coap-plugin/pkg/output/coap_output_plugin.go:566.16,568.3 1 0
github.com/twinfer/benthos-coap-plugin/pkg/output/coap_output_plugin.go:569.2,573.27 2 0
github.com/twinfer/benthos-coap-plugin/pkg/output/coap_output_plugin.go:573.27,574.83 1 0
github.com/twinfer/benthos-coap-plugin/pkg/output/coap_output_plugin.go:574.83,576.4 1 0
github.com/twinfer/benthos-coap-plugin/pkg/output/coap_output_plugin.go:577.3,577.73 1 0
github.com/twinfer/benthos-coap-plugin/pkg/output/coap_output_plugin.go:577.73,579.4 1 0
github.com/twinfer/benthos-coap-plugin/pkg/output/coap_output_plugin.go:580.8,580.42 1 0
github.com/twinfer/benthos-coap-plugin/pkg/output/coap_output_plugin.go:580.42,581.77 1 0
github.com/twinfer/benthos-coap-plugin/pkg/output/coap_output_plugin.go:581.77,583.4 1 0
github.com/twinfer/benthos-coap-plugin/pkg/output/coap_output_plugin.go:584.3,584.75 1 0
github.com/twinfer/benthos-coap-plugin/pkg/output/coap_output_plugin.go:584.75,586.4 1 0
github.com/twinfer/benthos-coap-plugin/pkg/output/coap_output_plugin.go:587.3,587.82 1 0
github.com/twinfer/benthos-coap-plugin/pkg/output/coap_output_plugin.go:587.82,589.4 1 0
github.com/twinfer/benthos-coap-plugin/pkg/output/coap_output_plugin.go:590.3,591.17 2 0
github.com/twinfer/benthos-coap-plugin/pkg/output/coap_output_plugin.go:591.17,593.4 1 0
github.com/twinfer/benthos-coap-plugin/pkg/output/coap_output_plugin.go:595.2,595.22 1 0
github.com/twinfer/benthos-coap-plugin/pkg/output/coap_output_plugin.go:598.165,600.16 2 0
github.com/twinfer/benthos-coap-plugin/pkg/output/coap_output_plugin.go:600.16,602.3 1 0
github.com/twinfer/benthos-coap-plugin/pkg/output/coap_output_plugin.go:603.2,604.16 2 0
github.com/twinfer/benthos-coap-plugin/pkg/output/coap_output_plugin.go:604.16,606.3 1 0
github.com/twinfer/benthos-coap-plugin/pkg/output/coap_output_plugin.go:607.2,608.16 2 0
github.com/twinfer/benthos-coap-plugin/pkg/output/coap_output_plugin.go:608.16,610.3 1 0
github.com/twinfer/benthos-coap-plugin/pkg/output/coap_output_plugin.go:611.2,612.16 2 0
github.com/twinfer/benthos-coap-plugin/pkg/output/coap_output_plugin.go:612.16,614.3 1 0
github.com/twinfer/benthos-coap-plugin/pkg/output/coap_output_plugin.go:616.2,624.8 1 0
github.com/twinfer/benthos-coap-plugin/pkg/output/coap_output_plugin.go:627.87,629.16 2 0
github.com/twinfer/benthos-coap-plugin/pkg/output/coap_output_plugin.go:629.16,631.3 1 0
github.com/twinfer/benthos-coap-plugin/pkg/output/coap_output_plugin.go:632.2,633.16 2 0
github.com/twinfer/benthos-coap-plugin/pkg/output/coap_output_plugin.go:633.16,635.3 1 0
github.com/twinfer/benthos-coap-plugin/pkg/output/coap_output_plugin.go:636.2,637.16 2 0
github.com/twinfer/benthos-coap-plugin/pkg/output/coap_output_plugin.go:637.16,639.3 1 0
github.com/twinfer/benthos-coap-plugin/pkg/output/coap_output_plugin.go:640.2,641.16 2 0
github.com/twinfer/benthos-coap-plugin/pkg/output/coap_output_plugin.go:641.16,643.3 1 0
github.com/twinfer/benthos-coap-plugin/pkg/output/coap_output_plugin.go:644.2,649.8 1 0
github.com/twinfer/benthos-coap-plugin/pkg/output/coap_output_plugin.go:652.78,654.16 2 0
github.com/twinfer/benthos-coap-plugin/pkg/output/coap_output_plugin.go:654.16,656.3 1 0
github.com/twinfer/benthos-coap-plugin/pkg/output/coap_output_plugin.go:657.2,658.16 2 0
github.com/twinfer/benthos-coap-plugin/pkg/output/coap_output_plugin.go:658.16,660.3 1 0
github.com/twinfer/benthos-coap-plugin/pkg/output/coap_output_plugin.go:661.2,662.16 2 0
github.com/twinfer/benthos-coap-plugin/pkg/output/coap_output_plugin.go:662.16,664.3 1 0
github.com/twinfer/benthos-coap-plugin/pkg/output/coap_output_plugin.go:666.2,672.93 2 0
github.com/twinfer/benthos-coap-plugin/pkg/output/coap_output_plugin.go:672.93,674.3 1 0
github.com/twinfer/benthos-coap-plugin/pkg/output/coap_output_plugin.go:675.2,675.18 1 0
github.com/twinfer/benthos-coap-plugin/pkg/output/coap_output_plugin.go:678.78,680.16 2 0
github.com/twinfer/benthos-coap-plugin/pkg/output/coap_output_plugin.go:680.16,682.3 1 0
github.com/twinfer/benthos-coap-plugin/pkg/output/coap_output_plugin.go:683.2,684.16 2 0
github.com/twinfer/benthos-coap-plugin/pkg/output/coap_output_plugin.go:684.16,686.3 1 0
github.com/twinfer/benthos-coap-plugin/pkg/output/coap_output_plugin.go:687.2,688.16 2 0
github.com/twinfer/benthos-coap-plugin/pkg/output/coap_output_plugin.go:688.16,690.3 1 0
github.com/twinfer/benthos-coap-plugin/pkg/output/coap_output_plugin.go:691.2,692.16 2 0
github.com/twinfer/benthos-coap-plugin/pkg/output/coap_output_plugin.go:692.16,694.3 1 0
github.com/twinfer/benthos-coap-plugin/pkg/output/coap_output_plugin.go:695.2,696.16 2 0
github.com/twinfer/benthos-coap-plugin/pkg/output/coap_output_plugin.go:696.16,698.3 1 0
github.com/twinfer/benthos-coap-plugin/pkg/output/coap_output_plugin.go:699.2,705.8 1 0
